[2026-05-17 17:09:44] local.ERROR: The C:\Users\lucky\OneDrive\Pictures\Desktop\sportmanagmentsystem\bootstrap\cache directory must be present and writable. {"exception":"[object] (Exception(code: 0): The C:\\Users\\lucky\\OneDrive\\Pictures\\Desktop\\sportmanagmentsystem\\bootstrap\\cache directory must be present and writable. at C:/Users/lucky/OneDrive/Pictures/Desktop/sportmanagmentsystem/vendor/laravel/framework/src/Illuminate/Foundation/PackageManifest.php:179)
[stacktrace]
#0 C:/Users/lucky/OneDrive/Pictures/Desktop/sportmanagmentsystem/vendor/laravel/framework/src/Illuminate/Foundation/PackageManifest.php(132): Illuminate/Foundation/PackageManifest->write(Array)
#1 C:/Users/lucky/OneDrive/Pictures/Desktop/sportmanagmentsystem/vendor/laravel/framework/src/Illuminate/Foundation/PackageManifest.php(108): Illuminate/Foundation/PackageManifest->build()
#2 C:/Users/lucky/OneDrive/Pictures/Desktop/sportmanagmentsystem/vendor/laravel/framework/src/Illuminate/Foundation/PackageManifest.php(90): Illuminate/Foundation/PackageManifest->getManifest()
#3 C:/Users/lucky/OneDrive/Pictures/Desktop/sportmanagmentsystem/vendor/laravel/framework/src/Illuminate/Foundation/PackageManifest.php(79): Illuminate/Foundation/PackageManifest->config('aliases')
#4 C:/Users/lucky/OneDrive/Pictures/Desktop/sportmanagmentsystem/vendor/laravel/framework/src/Illuminate/Foundation/Bootstrap/RegisterFacades.php(26): Illuminate/Foundation/PackageManifest->aliases()
#5 C:/Users/lucky/OneDrive/Pictures/Desktop/sportmanagmentsystem/vendor/laravel/framework/src/Illuminate/Foundation/Application.php(342): Illuminate/Foundation/Bootstrap/RegisterFacades->bootstrap(Object(Illuminate/Foundation/Application))
#6 C:/Users/lucky/OneDrive/Pictures/Desktop/sportmanagmentsystem/vendor/laravel/framework/src/Illuminate/Foundation/Console/Kernel.php(494): Illuminate/Foundation/Application->bootstrapWith(Array)
#7 C:/Users/lucky/OneDrive/Pictures/Desktop/sportmanagmentsystem/vendor/laravel/framework/src/Illuminate/Foundation/Console/Kernel.php(196): Illuminate/Foundation/Console/Kernel->bootstrap()
#8 C:/Users/lucky/OneDrive/Pictures/Desktop/sportmanagmentsystem/vendor/laravel/framework/src/Illuminate/Foundation/Application.php(1235): Illuminate/Foundation/Console/Kernel->handle(Object(Symfony/Component/Console/Input/ArgvInput), Object(Symfony/Component/Console/Output/ConsoleOutput))
#9 C:/Users/lucky/OneDrive/Pictures/Desktop/sportmanagmentsystem/artisan(12): Illuminate/Foundation/Application->handleCommand(Object(Symfony/Component/Console/Input/ArgvInput))
#10 {main}
"} 
[2026-05-17 17:10:48] local.ERROR: Target class [DatabaseSeeder] does not exist. {"exception":"[object] (Illuminate\\Contracts\\Container\\BindingResolutionException(code: 0): Target class [DatabaseSeeder] does not exist. at C:/Users/lucky/OneDrive/Pictures/Desktop/sportmanagmentsystem/vendor/laravel/framework/src/Illuminate/Container/Container.php:1124)
[stacktrace]
#0 C:/Users/lucky/OneDrive/Pictures/Desktop/sportmanagmentsystem/vendor/laravel/framework/src/Illuminate/Container/Container.php(933): Illuminate/Container/Container->build('DatabaseSeeder')
#1 C:/Users/lucky/OneDrive/Pictures/Desktop/sportmanagmentsystem/vendor/laravel/framework/src/Illuminate/Foundation/Application.php(1078): Illuminate/Container/Container->resolve('DatabaseSeeder', Array, true)
#2 C:/Users/lucky/OneDrive/Pictures/Desktop/sportmanagmentsystem/vendor/laravel/framework/src/Illuminate/Container/Container.php(864): Illuminate/Foundation/Application->resolve('DatabaseSeeder', Array)
#3 C:/Users/lucky/OneDrive/Pictures/Desktop/sportmanagmentsystem/vendor/laravel/framework/src/Illuminate/Foundation/Application.php(1058): Illuminate/Container/Container->make('DatabaseSeeder', Array)
#4 C:/Users/lucky/OneDrive/Pictures/Desktop/sportmanagmentsystem/vendor/laravel/framework/src/Illuminate/Database/Console/Seeds/SeedCommand.php(99): Illuminate/Foundation/Application->make('DatabaseSeeder')
#5 C:/Users/lucky/OneDrive/Pictures/Desktop/sportmanagmentsystem/vendor/laravel/framework/src/Illuminate/Database/Console/Seeds/SeedCommand.php(71): Illuminate/Database/Console/Seeds/SeedCommand->getSeeder()
#6 C:/Users/lucky/OneDrive/Pictures/Desktop/sportmanagmentsystem/vendor/laravel/framework/src/Illuminate/Database/Eloquent/Concerns/GuardsAttributes.php(157): Illuminate/Database/Console/Seeds/SeedCommand->Illuminate/Database/Console/Seeds/{closure}()
#7 C:/Users/lucky/OneDrive/Pictures/Desktop/sportmanagmentsystem/vendor/laravel/framework/src/Illuminate/Database/Console/Seeds/SeedCommand.php(70): Illuminate/Database/Eloquent/Model::unguarded(Object(Closure))
#8 C:/Users/lucky/OneDrive/Pictures/Desktop/sportmanagmentsystem/vendor/laravel/framework/src/Illuminate/Container/BoundMethod.php(36): Illuminate/Database/Console/Seeds/SeedCommand->handle()
#9 C:/Users/lucky/OneDrive/Pictures/Desktop/sportmanagmentsystem/vendor/laravel/framework/src/Illuminate/Container/Util.php(43): Illuminate/Container/BoundMethod::Illuminate/Container/{closure}()
#10 C:/Users/lucky/OneDrive/Pictures/Desktop/sportmanagmentsystem/vendor/laravel/framework/src/Illuminate/Container/BoundMethod.php(96): Illuminate/Container/Util::unwrapIfClosure(Object(Closure))
#11 C:/Users/lucky/OneDrive/Pictures/Desktop/sportmanagmentsystem/vendor/laravel/framework/src/Illuminate/Container/BoundMethod.php(35): Illuminate/Container/BoundMethod::callBoundMethod(Object(Illuminate/Foundation/Application), Array, Object(Closure))
#12 C:/Users/lucky/OneDrive/Pictures/Desktop/sportmanagmentsystem/vendor/laravel/framework/src/Illuminate/Container/Container.php(799): Illuminate/Container/BoundMethod::call(Object(Illuminate/Foundation/Application), Array, Array, NULL)
#13 C:/Users/lucky/OneDrive/Pictures/Desktop/sportmanagmentsystem/vendor/laravel/framework/src/Illuminate/Console/Command.php(211): Illuminate/Container/Container->call(Array)
#14 C:/Users/lucky/OneDrive/Pictures/Desktop/sportmanagmentsystem/vendor/symfony/console/Command/Command.php(341): Illuminate/Console/Command->execute(Object(Symfony/Component/Console/Input/ArrayInput), Object(Illuminate/Console/OutputStyle))
#15 C:/Users/lucky/OneDrive/Pictures/Desktop/sportmanagmentsystem/vendor/laravel/framework/src/Illuminate/Console/Command.php(180): Symfony/Component/Console/Command/Command->run(Object(Symfony/Component/Console/Input/ArrayInput), Object(Illuminate/Console/OutputStyle))
#16 C:/Users/lucky/OneDrive/Pictures/Desktop/sportmanagmentsystem/vendor/laravel/framework/src/Illuminate/Console/Concerns/CallsCommands.php(68): Illuminate/Console/Command->run(Object(Symfony/Component/Console/Input/ArrayInput), Object(Illuminate/Console/OutputStyle))
#17 C:/Users/lucky/OneDrive/Pictures/Desktop/sportmanagmentsystem/vendor/laravel/framework/src/Illuminate/Console/Concerns/CallsCommands.php(29): Illuminate/Console/Command->runCommand('db:seed', Array, Object(Illuminate/Console/OutputStyle))
#18 C:/Users/lucky/OneDrive/Pictures/Desktop/sportmanagmentsystem/vendor/laravel/framework/src/Illuminate/Database/Console/Migrations/MigrateCommand.php(125): Illuminate/Console/Command->call('db:seed', Array)
#19 C:/Users/lucky/OneDrive/Pictures/Desktop/sportmanagmentsystem/vendor/laravel/framework/src/Illuminate/Database/Migrations/Migrator.php(671): Illuminate/Database/Console/Migrations/MigrateCommand->Illuminate/Database/Console/Migrations/{closure}()
#20 C:/Users/lucky/OneDrive/Pictures/Desktop/sportmanagmentsystem/vendor/laravel/framework/src/Illuminate/Database/Console/Migrations/MigrateCommand.php(109): Illuminate/Database/Migrations/Migrator->usingConnection(NULL, Object(Closure))
#21 C:/Users/lucky/OneDrive/Pictures/Desktop/sportmanagmentsystem/vendor/laravel/framework/src/Illuminate/Database/Console/Migrations/MigrateCommand.php(88): Illuminate/Database/Console/Migrations/MigrateCommand->runMigrations()
#22 C:/Users/lucky/OneDrive/Pictures/Desktop/sportmanagmentsystem/vendor/laravel/framework/src/Illuminate/Container/BoundMethod.php(36): Illuminate/Database/Console/Migrations/MigrateCommand->handle()
#23 C:/Users/lucky/OneDrive/Pictures/Desktop/sportmanagmentsystem/vendor/laravel/framework/src/Illuminate/Container/Util.php(43): Illuminate/Container/BoundMethod::Illuminate/Container/{closure}()
#24 C:/Users/lucky/OneDrive/Pictures/Desktop/sportmanagmentsystem/vendor/laravel/framework/src/Illuminate/Container/BoundMethod.php(96): Illuminate/Container/Util::unwrapIfClosure(Object(Closure))
#25 C:/Users/lucky/OneDrive/Pictures/Desktop/sportmanagmentsystem/vendor/laravel/framework/src/Illuminate/Container/BoundMethod.php(35): Illuminate/Container/BoundMethod::callBoundMethod(Object(Illuminate/Foundation/Application), Array, Object(Closure))
#26 C:/Users/lucky/OneDrive/Pictures/Desktop/sportmanagmentsystem/vendor/laravel/framework/src/Illuminate/Container/Container.php(799): Illuminate/Container/BoundMethod::call(Object(Illuminate/Foundation/Application), Array, Array, NULL)
#27 C:/Users/lucky/OneDrive/Pictures/Desktop/sportmanagmentsystem/vendor/laravel/framework/src/Illuminate/Console/Command.php(211): Illuminate/Container/Container->call(Array)
#28 C:/Users/lucky/OneDrive/Pictures/Desktop/sportmanagmentsystem/vendor/symfony/console/Command/Command.php(341): Illuminate/Console/Command->execute(Object(Symfony/Component/Console/Input/ArgvInput), Object(Illuminate/Console/OutputStyle))
#29 C:/Users/lucky/OneDrive/Pictures/Desktop/sportmanagmentsystem/vendor/laravel/framework/src/Illuminate/Console/Command.php(180): Symfony/Component/Console/Command/Command->run(Object(Symfony/Component/Console/Input/ArgvInput), Object(Illuminate/Console/OutputStyle))
#30 C:/Users/lucky/OneDrive/Pictures/Desktop/sportmanagmentsystem/vendor/symfony/console/Application.php(1117): Illuminate/Console/Command->run(Object(Symfony/Component/Console/Input/ArgvInput), Object(Symfony/Component/Console/Output/ConsoleOutput))
#31 C:/Users/lucky/OneDrive/Pictures/Desktop/sportmanagmentsystem/vendor/symfony/console/Application.php(356): Symfony/Component/Console/Application->doRunCommand(Object(Illuminate/Database/Console/Migrations/MigrateCommand), Object(Symfony/Component/Console/Input/ArgvInput), Object(Symfony/Component/Console/Output/ConsoleOutput))
#32 C:/Users/lucky/OneDrive/Pictures/Desktop/sportmanagmentsystem/vendor/symfony/console/Application.php(195): Symfony/Component/Console/Application->doRun(Object(Symfony/Component/Console/Input/ArgvInput), Object(Symfony/Component/Console/Output/ConsoleOutput))
#33 C:/Users/lucky/OneDrive/Pictures/Desktop/sportmanagmentsystem/vendor/laravel/framework/src/Illuminate/Foundation/Console/Kernel.php(198): Symfony/Component/Console/Application->run(Object(Symfony/Component/Console/Input/ArgvInput), Object(Symfony/Component/Console/Output/ConsoleOutput))
#34 C:/Users/lucky/OneDrive/Pictures/Desktop/sportmanagmentsystem/vendor/laravel/framework/src/Illuminate/Foundation/Application.php(1235): Illuminate/Foundation/Console/Kernel->handle(Object(Symfony/Component/Console/Input/ArgvInput), Object(Symfony/Component/Console/Output/ConsoleOutput))
#35 C:/Users/lucky/OneDrive/Pictures/Desktop/sportmanagmentsystem/artisan(12): Illuminate/Foundation/Application->handleCommand(Object(Symfony/Component/Console/Input/ArgvInput))
#36 {main}

[previous exception] [object] (ReflectionException(code: -1): Class \"DatabaseSeeder\" does not exist at C:/Users/lucky/OneDrive/Pictures/Desktop/sportmanagmentsystem/vendor/laravel/framework/src/Illuminate/Container/Container.php:1122)
[stacktrace]
#0 C:/Users/lucky/OneDrive/Pictures/Desktop/sportmanagmentsystem/vendor/laravel/framework/src/Illuminate/Container/Container.php(1122): ReflectionClass->__construct('DatabaseSeeder')
#1 C:/Users/lucky/OneDrive/Pictures/Desktop/sportmanagmentsystem/vendor/laravel/framework/src/Illuminate/Container/Container.php(933): Illuminate/Container/Container->build('DatabaseSeeder')
#2 C:/Users/lucky/OneDrive/Pictures/Desktop/sportmanagmentsystem/vendor/laravel/framework/src/Illuminate/Foundation/Application.php(1078): Illuminate/Container/Container->resolve('DatabaseSeeder', Array, true)
#3 C:/Users/lucky/OneDrive/Pictures/Desktop/sportmanagmentsystem/vendor/laravel/framework/src/Illuminate/Container/Container.php(864): Illuminate/Foundation/Application->resolve('DatabaseSeeder', Array)
#4 C:/Users/lucky/OneDrive/Pictures/Desktop/sportmanagmentsystem/vendor/laravel/framework/src/Illuminate/Foundation/Application.php(1058): Illuminate/Container/Container->make('DatabaseSeeder', Array)
#5 C:/Users/lucky/OneDrive/Pictures/Desktop/sportmanagmentsystem/vendor/laravel/framework/src/Illuminate/Database/Console/Seeds/SeedCommand.php(99): Illuminate/Foundation/Application->make('DatabaseSeeder')
#6 C:/Users/lucky/OneDrive/Pictures/Desktop/sportmanagmentsystem/vendor/laravel/framework/src/Illuminate/Database/Console/Seeds/SeedCommand.php(71): Illuminate/Database/Console/Seeds/SeedCommand->getSeeder()
#7 C:/Users/lucky/OneDrive/Pictures/Desktop/sportmanagmentsystem/vendor/laravel/framework/src/Illuminate/Database/Eloquent/Concerns/GuardsAttributes.php(157): Illuminate/Database/Console/Seeds/SeedCommand->Illuminate/Database/Console/Seeds/{closure}()
#8 C:/Users/lucky/OneDrive/Pictures/Desktop/sportmanagmentsystem/vendor/laravel/framework/src/Illuminate/Database/Console/Seeds/SeedCommand.php(70): Illuminate/Database/Eloquent/Model::unguarded(Object(Closure))
#9 C:/Users/lucky/OneDrive/Pictures/Desktop/sportmanagmentsystem/vendor/laravel/framework/src/Illuminate/Container/BoundMethod.php(36): Illuminate/Database/Console/Seeds/SeedCommand->handle()
#10 C:/Users/lucky/OneDrive/Pictures/Desktop/sportmanagmentsystem/vendor/laravel/framework/src/Illuminate/Container/Util.php(43): Illuminate/Container/BoundMethod::Illuminate/Container/{closure}()
#11 C:/Users/lucky/OneDrive/Pictures/Desktop/sportmanagmentsystem/vendor/laravel/framework/src/Illuminate/Container/BoundMethod.php(96): Illuminate/Container/Util::unwrapIfClosure(Object(Closure))
#12 C:/Users/lucky/OneDrive/Pictures/Desktop/sportmanagmentsystem/vendor/laravel/framework/src/Illuminate/Container/BoundMethod.php(35): Illuminate/Container/BoundMethod::callBoundMethod(Object(Illuminate/Foundation/Application), Array, Object(Closure))
#13 C:/Users/lucky/OneDrive/Pictures/Desktop/sportmanagmentsystem/vendor/laravel/framework/src/Illuminate/Container/Container.php(799): Illuminate/Container/BoundMethod::call(Object(Illuminate/Foundation/Application), Array, Array, NULL)
#14 C:/Users/lucky/OneDrive/Pictures/Desktop/sportmanagmentsystem/vendor/laravel/framework/src/Illuminate/Console/Command.php(211): Illuminate/Container/Container->call(Array)
#15 C:/Users/lucky/OneDrive/Pictures/Desktop/sportmanagmentsystem/vendor/symfony/console/Command/Command.php(341): Illuminate/Console/Command->execute(Object(Symfony/Component/Console/Input/ArrayInput), Object(Illuminate/Console/OutputStyle))
#16 C:/Users/lucky/OneDrive/Pictures/Desktop/sportmanagmentsystem/vendor/laravel/framework/src/Illuminate/Console/Command.php(180): Symfony/Component/Console/Command/Command->run(Object(Symfony/Component/Console/Input/ArrayInput), Object(Illuminate/Console/OutputStyle))
#17 C:/Users/lucky/OneDrive/Pictures/Desktop/sportmanagmentsystem/vendor/laravel/framework/src/Illuminate/Console/Concerns/CallsCommands.php(68): Illuminate/Console/Command->run(Object(Symfony/Component/Console/Input/ArrayInput), Object(Illuminate/Console/OutputStyle))
#18 C:/Users/lucky/OneDrive/Pictures/Desktop/sportmanagmentsystem/vendor/laravel/framework/src/Illuminate/Console/Concerns/CallsCommands.php(29): Illuminate/Console/Command->runCommand('db:seed', Array, Object(Illuminate/Console/OutputStyle))
#19 C:/Users/lucky/OneDrive/Pictures/Desktop/sportmanagmentsystem/vendor/laravel/framework/src/Illuminate/Database/Console/Migrations/MigrateCommand.php(125): Illuminate/Console/Command->call('db:seed', Array)
#20 C:/Users/lucky/OneDrive/Pictures/Desktop/sportmanagmentsystem/vendor/laravel/framework/src/Illuminate/Database/Migrations/Migrator.php(671): Illuminate/Database/Console/Migrations/MigrateCommand->Illuminate/Database/Console/Migrations/{closure}()
#21 C:/Users/lucky/OneDrive/Pictures/Desktop/sportmanagmentsystem/vendor/laravel/framework/src/Illuminate/Database/Console/Migrations/MigrateCommand.php(109): Illuminate/Database/Migrations/Migrator->usingConnection(NULL, Object(Closure))
#22 C:/Users/lucky/OneDrive/Pictures/Desktop/sportmanagmentsystem/vendor/laravel/framework/src/Illuminate/Database/Console/Migrations/MigrateCommand.php(88): Illuminate/Database/Console/Migrations/MigrateCommand->runMigrations()
#23 C:/Users/lucky/OneDrive/Pictures/Desktop/sportmanagmentsystem/vendor/laravel/framework/src/Illuminate/Container/BoundMethod.php(36): Illuminate/Database/Console/Migrations/MigrateCommand->handle()
#24 C:/Users/lucky/OneDrive/Pictures/Desktop/sportmanagmentsystem/vendor/laravel/framework/src/Illuminate/Container/Util.php(43): Illuminate/Container/BoundMethod::Illuminate/Container/{closure}()
#25 C:/Users/lucky/OneDrive/Pictures/Desktop/sportmanagmentsystem/vendor/laravel/framework/src/Illuminate/Container/BoundMethod.php(96): Illuminate/Container/Util::unwrapIfClosure(Object(Closure))
#26 C:/Users/lucky/OneDrive/Pictures/Desktop/sportmanagmentsystem/vendor/laravel/framework/src/Illuminate/Container/BoundMethod.php(35): Illuminate/Container/BoundMethod::callBoundMethod(Object(Illuminate/Foundation/Application), Array, Object(Closure))
#27 C:/Users/lucky/OneDrive/Pictures/Desktop/sportmanagmentsystem/vendor/laravel/framework/src/Illuminate/Container/Container.php(799): Illuminate/Container/BoundMethod::call(Object(Illuminate/Foundation/Application), Array, Array, NULL)
#28 C:/Users/lucky/OneDrive/Pictures/Desktop/sportmanagmentsystem/vendor/laravel/framework/src/Illuminate/Console/Command.php(211): Illuminate/Container/Container->call(Array)
#29 C:/Users/lucky/OneDrive/Pictures/Desktop/sportmanagmentsystem/vendor/symfony/console/Command/Command.php(341): Illuminate/Console/Command->execute(Object(Symfony/Component/Console/Input/ArgvInput), Object(Illuminate/Console/OutputStyle))
#30 C:/Users/lucky/OneDrive/Pictures/Desktop/sportmanagmentsystem/vendor/laravel/framework/src/Illuminate/Console/Command.php(180): Symfony/Component/Console/Command/Command->run(Object(Symfony/Component/Console/Input/ArgvInput), Object(Illuminate/Console/OutputStyle))
#31 C:/Users/lucky/OneDrive/Pictures/Desktop/sportmanagmentsystem/vendor/symfony/console/Application.php(1117): Illuminate/Console/Command->run(Object(Symfony/Component/Console/Input/ArgvInput), Object(Symfony/Component/Console/Output/ConsoleOutput))
#32 C:/Users/lucky/OneDrive/Pictures/Desktop/sportmanagmentsystem/vendor/symfony/console/Application.php(356): Symfony/Component/Console/Application->doRunCommand(Object(Illuminate/Database/Console/Migrations/MigrateCommand), Object(Symfony/Component/Console/Input/ArgvInput), Object(Symfony/Component/Console/Output/ConsoleOutput))
#33 C:/Users/lucky/OneDrive/Pictures/Desktop/sportmanagmentsystem/vendor/symfony/console/Application.php(195): Symfony/Component/Console/Application->doRun(Object(Symfony/Component/Console/Input/ArgvInput), Object(Symfony/Component/Console/Output/ConsoleOutput))
#34 C:/Users/lucky/OneDrive/Pictures/Desktop/sportmanagmentsystem/vendor/laravel/framework/src/Illuminate/Foundation/Console/Kernel.php(198): Symfony/Component/Console/Application->run(Object(Symfony/Component/Console/Input/ArgvInput), Object(Symfony/Component/Console/Output/ConsoleOutput))
#35 C:/Users/lucky/OneDrive/Pictures/Desktop/sportmanagmentsystem/vendor/laravel/framework/src/Illuminate/Foundation/Application.php(1235): Illuminate/Foundation/Console/Kernel->handle(Object(Symfony/Component/Console/Input/ArgvInput), Object(Symfony/Component/Console/Output/ConsoleOutput))
#36 C:/Users/lucky/OneDrive/Pictures/Desktop/sportmanagmentsystem/artisan(12): Illuminate/Foundation/Application->handleCommand(Object(Symfony/Component/Console/Input/ArgvInput))
#37 {main}
"} 
[2026-05-17 17:11:33] local.ERROR: Vite manifest not found at: C:\Users\lucky\OneDrive\Pictures\Desktop\sportmanagmentsystem\public\build/manifest.json (View: C:\Users\lucky\OneDrive\Pictures\Desktop\sportmanagmentsystem\resources\views\welcome.blade.php) {"exception":"[object] (Illuminate\\View\\ViewException(code: 0): Vite manifest not found at: C:\\Users\\lucky\\OneDrive\\Pictures\\Desktop\\sportmanagmentsystem\\public\\build/manifest.json (View: C:\\Users\\lucky\\OneDrive\\Pictures\\Desktop\\sportmanagmentsystem\\resources\\views\\welcome.blade.php) at C:/Users/lucky/OneDrive/Pictures/Desktop/sportmanagmentsystem/vendor/laravel/framework/src/Illuminate/Foundation/Vite.php:946)
[stacktrace]
#0 C:/Users/lucky/OneDrive/Pictures/Desktop/sportmanagmentsystem/vendor/laravel/framework/src/Illuminate/View/Engines/PhpEngine.php(59): Illuminate/View/Engines/CompilerEngine->handleViewException(Object(Illuminate/Foundation/ViteManifestNotFoundException), 1)
#1 C:/Users/lucky/OneDrive/Pictures/Desktop/sportmanagmentsystem/vendor/laravel/framework/src/Illuminate/View/Engines/CompilerEngine.php(76): Illuminate/View/Engines/PhpEngine->evaluatePath('C://Users//lucky//...', Array)
#2 C:/Users/lucky/OneDrive/Pictures/Desktop/sportmanagmentsystem/vendor/laravel/framework/src/Illuminate/View/View.php(208): Illuminate/View/Engines/CompilerEngine->get('C://Users//lucky//...', Array)
#3 C:/Users/lucky/OneDrive/Pictures/Desktop/sportmanagmentsystem/vendor/laravel/framework/src/Illuminate/View/View.php(191): Illuminate/View/View->getContents()
#4 C:/Users/lucky/OneDrive/Pictures/Desktop/sportmanagmentsystem/vendor/laravel/framework/src/Illuminate/View/View.php(160): Illuminate/View/View->renderContents()
#5 C:/Users/lucky/OneDrive/Pictures/Desktop/sportmanagmentsystem/vendor/laravel/framework/src/Illuminate/Http/Response.php(78): Illuminate/View/View->render()
#6 C:/Users/lucky/OneDrive/Pictures/Desktop/sportmanagmentsystem/vendor/laravel/framework/src/Illuminate/Http/Response.php(34): Illuminate/Http/Response->setContent(Object(Illuminate/View/View))
#7 C:/Users/lucky/OneDrive/Pictures/Desktop/sportmanagmentsystem/vendor/laravel/framework/src/Illuminate/Routing/ResponseFactory.php(61): Illuminate/Http/Response->__construct(Object(Illuminate/View/View), 200, Array)
#8 C:/Users/lucky/OneDrive/Pictures/Desktop/sportmanagmentsystem/vendor/laravel/framework/src/Illuminate/Routing/ResponseFactory.php(91): Illuminate/Routing/ResponseFactory->make(Object(Illuminate/View/View), 200, Array)
#9 C:/Users/lucky/OneDrive/Pictures/Desktop/sportmanagmentsystem/vendor/laravel/framework/src/Illuminate/Routing/ViewController.php(40): Illuminate/Routing/ResponseFactory->view('welcome', Array, 200, Array)
#10 C:/Users/lucky/OneDrive/Pictures/Desktop/sportmanagmentsystem/vendor/laravel/framework/src/Illuminate/Routing/ViewController.php(57): Illuminate/Routing/ViewController->__invoke(view: 'welcome', data: Array, status: 200, headers: Array)
#11 C:/Users/lucky/OneDrive/Pictures/Desktop/sportmanagmentsystem/vendor/laravel/framework/src/Illuminate/Routing/ControllerDispatcher.php(43): Illuminate/Routing/ViewController->callAction('__invoke', Array)
#12 C:/Users/lucky/OneDrive/Pictures/Desktop/sportmanagmentsystem/vendor/laravel/framework/src/Illuminate/Routing/Route.php(265): Illuminate/Routing/ControllerDispatcher->dispatch(Object(Illuminate/Routing/Route), Object(Illuminate/Routing/ViewController), '__invoke')
#13 C:/Users/lucky/OneDrive/Pictures/Desktop/sportmanagmentsystem/vendor/laravel/framework/src/Illuminate/Routing/Route.php(211): Illuminate/Routing/Route->runController()
#14 C:/Users/lucky/OneDrive/Pictures/Desktop/sportmanagmentsystem/vendor/laravel/framework/src/Illuminate/Routing/Router.php(822): Illuminate/Routing/Route->run()
#15 C:/Users/lucky/OneDrive/Pictures/Desktop/sportmanagmentsystem/vendor/laravel/framework/src/Illuminate/Pipeline/Pipeline.php(180): Illuminate/Routing/Router->Illuminate/Routing/{closure}(Object(Illuminate/Http/Request))
#16 C:/Users/lucky/OneDrive/Pictures/Desktop/sportmanagmentsystem/vendor/laravel/framework/src/Illuminate/Routing/Middleware/SubstituteBindings.php(50): Illuminate/Pipeline/Pipeline->Illuminate/Pipeline/{closure}(Object(Illuminate/Http/Request))
#17 C:/Users/lucky/OneDrive/Pictures/Desktop/sportmanagmentsystem/vendor/laravel/framework/src/Illuminate/Pipeline/Pipeline.php(219): Illuminate/Routing/Middleware/SubstituteBindings->handle(Object(Illuminate/Http/Request), Object(Closure))
#18 C:/Users/lucky/OneDrive/Pictures/Desktop/sportmanagmentsystem/vendor/laravel/framework/src/Illuminate/Foundation/Http/Middleware/VerifyCsrfToken.php(87): Illuminate/Pipeline/Pipeline->Illuminate/Pipeline/{closure}(Object(Illuminate/Http/Request))
#19 C:/Users/lucky/OneDrive/Pictures/Desktop/sportmanagmentsystem/vendor/laravel/framework/src/Illuminate/Pipeline/Pipeline.php(219): Illuminate/Foundation/Http/Middleware/VerifyCsrfToken->handle(Object(Illuminate/Http/Request), Object(Closure))
#20 C:/Users/lucky/OneDrive/Pictures/Desktop/sportmanagmentsystem/vendor/laravel/framework/src/Illuminate/View/Middleware/ShareErrorsFromSession.php(48): Illuminate/Pipeline/Pipeline->Illuminate/Pipeline/{closure}(Object(Illuminate/Http/Request))
#21 C:/Users/lucky/OneDrive/Pictures/Desktop/sportmanagmentsystem/vendor/laravel/framework/src/Illuminate/Pipeline/Pipeline.php(219): Illuminate/View/Middleware/ShareErrorsFromSession->handle(Object(Illuminate/Http/Request), Object(Closure))
#22 C:/Users/lucky/OneDrive/Pictures/Desktop/sportmanagmentsystem/vendor/laravel/framework/src/Illuminate/Session/Middleware/StartSession.php(120): Illuminate/Pipeline/Pipeline->Illuminate/Pipeline/{closure}(Object(Illuminate/Http/Request))
#23 C:/Users/lucky/OneDrive/Pictures/Desktop/sportmanagmentsystem/vendor/laravel/framework/src/Illuminate/Session/Middleware/StartSession.php(63): Illuminate/Session/Middleware/StartSession->handleStatefulRequest(Object(Illuminate/Http/Request), Object(Illuminate/Session/Store), Object(Closure))
#24 C:/Users/lucky/OneDrive/Pictures/Desktop/sportmanagmentsystem/vendor/laravel/framework/src/Illuminate/Pipeline/Pipeline.php(219): Illuminate/Session/Middleware/StartSession->handle(Object(Illuminate/Http/Request), Object(Closure))
#25 C:/Users/lucky/OneDrive/Pictures/Desktop/sportmanagmentsystem/vendor/laravel/framework/src/Illuminate/Cookie/Middleware/AddQueuedCookiesToResponse.php(36): Illuminate/Pipeline/Pipeline->Illuminate/Pipeline/{closure}(Object(Illuminate/Http/Request))
#26 C:/Users/lucky/OneDrive/Pictures/Desktop/sportmanagmentsystem/vendor/laravel/framework/src/Illuminate/Pipeline/Pipeline.php(219): Illuminate/Cookie/Middleware/AddQueuedCookiesToResponse->handle(Object(Illuminate/Http/Request), Object(Closure))
#27 C:/Users/lucky/OneDrive/Pictures/Desktop/sportmanagmentsystem/vendor/laravel/framework/src/Illuminate/Cookie/Middleware/EncryptCookies.php(74): Illuminate/Pipeline/Pipeline->Illuminate/Pipeline/{closure}(Object(Illuminate/Http/Request))
#28 C:/Users/lucky/OneDrive/Pictures/Desktop/sportmanagmentsystem/vendor/laravel/framework/src/Illuminate/Pipeline/Pipeline.php(219): Illuminate/Cookie/Middleware/EncryptCookies->handle(Object(Illuminate/Http/Request), Object(Closure))
#29 C:/Users/lucky/OneDrive/Pictures/Desktop/sportmanagmentsystem/vendor/laravel/framework/src/Illuminate/Pipeline/Pipeline.php(137): Illuminate/Pipeline/Pipeline->Illuminate/Pipeline/{closure}(Object(Illuminate/Http/Request))
#30 C:/Users/lucky/OneDrive/Pictures/Desktop/sportmanagmentsystem/vendor/laravel/framework/src/Illuminate/Routing/Router.php(821): Illuminate/Pipeline/Pipeline->then(Object(Closure))
#31 C:/Users/lucky/OneDrive/Pictures/Desktop/sportmanagmentsystem/vendor/laravel/framework/src/Illuminate/Routing/Router.php(800): Illuminate/Routing/Router->runRouteWithinStack(Object(Illuminate/Routing/Route), Object(Illuminate/Http/Request))
#32 C:/Users/lucky/OneDrive/Pictures/Desktop/sportmanagmentsystem/vendor/laravel/framework/src/Illuminate/Routing/Router.php(764): Illuminate/Routing/Router->runRoute(Object(Illuminate/Http/Request), Object(Illuminate/Routing/Route))
#33 C:/Users/lucky/OneDrive/Pictures/Desktop/sportmanagmentsystem/vendor/laravel/framework/src/Illuminate/Routing/Router.php(753): Illuminate/Routing/Router->dispatchToRoute(Object(Illuminate/Http/Request))
#34 C:/Users/lucky/OneDrive/Pictures/Desktop/sportmanagmentsystem/vendor/laravel/framework/src/Illuminate/Foundation/Http/Kernel.php(200): Illuminate/Routing/Router->dispatch(Object(Illuminate/Http/Request))
#35 C:/Users/lucky/OneDrive/Pictures/Desktop/sportmanagmentsystem/vendor/laravel/framework/src/Illuminate/Pipeline/Pipeline.php(180): Illuminate/Foundation/Http/Kernel->Illuminate/Foundation/Http/{closure}(Object(Illuminate/Http/Request))
#36 C:/Users/lucky/OneDrive/Pictures/Desktop/sportmanagmentsystem/vendor/laravel/framework/src/Illuminate/Foundation/Http/Middleware/TransformsRequest.php(21): Illuminate/Pipeline/Pipeline->Illuminate/Pipeline/{closure}(Object(Illuminate/Http/Request))
#37 C:/Users/lucky/OneDrive/Pictures/Desktop/sportmanagmentsystem/vendor/laravel/framework/src/Illuminate/Foundation/Http/Middleware/ConvertEmptyStringsToNull.php(31): Illuminate/Foundation/Http/Middleware/TransformsRequest->handle(Object(Illuminate/Http/Request), Object(Closure))
#38 C:/Users/lucky/OneDrive/Pictures/Desktop/sportmanagmentsystem/vendor/laravel/framework/src/Illuminate/Pipeline/Pipeline.php(219): Illuminate/Foundation/Http/Middleware/ConvertEmptyStringsToNull->handle(Object(Illuminate/Http/Request), Object(Closure))
#39 C:/Users/lucky/OneDrive/Pictures/Desktop/sportmanagmentsystem/vendor/laravel/framework/src/Illuminate/Foundation/Http/Middleware/TransformsRequest.php(21): Illuminate/Pipeline/Pipeline->Illuminate/Pipeline/{closure}(Object(Illuminate/Http/Request))
#40 C:/Users/lucky/OneDrive/Pictures/Desktop/sportmanagmentsystem/vendor/laravel/framework/src/Illuminate/Foundation/Http/Middleware/TrimStrings.php(51): Illuminate/Foundation/Http/Middleware/TransformsRequest->handle(Object(Illuminate/Http/Request), Object(Closure))
#41 C:/Users/lucky/OneDrive/Pictures/Desktop/sportmanagmentsystem/vendor/laravel/framework/src/Illuminate/Pipeline/Pipeline.php(219): Illuminate/Foundation/Http/Middleware/TrimStrings->handle(Object(Illuminate/Http/Request), Object(Closure))
#42 C:/Users/lucky/OneDrive/Pictures/Desktop/sportmanagmentsystem/vendor/laravel/framework/src/Illuminate/Http/Middleware/ValidatePostSize.php(27): Illuminate/Pipeline/Pipeline->Illuminate/Pipeline/{closure}(Object(Illuminate/Http/Request))
#43 C:/Users/lucky/OneDrive/Pictures/Desktop/sportmanagmentsystem/vendor/laravel/framework/src/Illuminate/Pipeline/Pipeline.php(219): Illuminate/Http/Middleware/ValidatePostSize->handle(Object(Illuminate/Http/Request), Object(Closure))
#44 C:/Users/lucky/OneDrive/Pictures/Desktop/sportmanagmentsystem/vendor/laravel/framework/src/Illuminate/Foundation/Http/Middleware/PreventRequestsDuringMaintenance.php(109): Illuminate/Pipeline/Pipeline->Illuminate/Pipeline/{closure}(Object(Illuminate/Http/Request))
#45 C:/Users/lucky/OneDrive/Pictures/Desktop/sportmanagmentsystem/vendor/laravel/framework/src/Illuminate/Pipeline/Pipeline.php(219): Illuminate/Foundation/Http/Middleware/PreventRequestsDuringMaintenance->handle(Object(Illuminate/Http/Request), Object(Closure))
#46 C:/Users/lucky/OneDrive/Pictures/Desktop/sportmanagmentsystem/vendor/laravel/framework/src/Illuminate/Http/Middleware/HandleCors.php(61): Illuminate/Pipeline/Pipeline->Illuminate/Pipeline/{closure}(Object(Illuminate/Http/Request))
#47 C:/Users/lucky/OneDrive/Pictures/Desktop/sportmanagmentsystem/vendor/laravel/framework/src/Illuminate/Pipeline/Pipeline.php(219): Illuminate/Http/Middleware/HandleCors->handle(Object(Illuminate/Http/Request), Object(Closure))
#48 C:/Users/lucky/OneDrive/Pictures/Desktop/sportmanagmentsystem/vendor/laravel/framework/src/Illuminate/Http/Middleware/TrustProxies.php(58): Illuminate/Pipeline/Pipeline->Illuminate/Pipeline/{closure}(Object(Illuminate/Http/Request))
#49 C:/Users/lucky/OneDrive/Pictures/Desktop/sportmanagmentsystem/vendor/laravel/framework/src/Illuminate/Pipeline/Pipeline.php(219): Illuminate/Http/Middleware/TrustProxies->handle(Object(Illuminate/Http/Request), Object(Closure))
#50 C:/Users/lucky/OneDrive/Pictures/Desktop/sportmanagmentsystem/vendor/laravel/framework/src/Illuminate/Foundation/Http/Middleware/InvokeDeferredCallbacks.php(22): Illuminate/Pipeline/Pipeline->Illuminate/Pipeline/{closure}(Object(Illuminate/Http/Request))
#51 C:/Users/lucky/OneDrive/Pictures/Desktop/sportmanagmentsystem/vendor/laravel/framework/src/Illuminate/Pipeline/Pipeline.php(219): Illuminate/Foundation/Http/Middleware/InvokeDeferredCallbacks->handle(Object(Illuminate/Http/Request), Object(Closure))
#52 C:/Users/lucky/OneDrive/Pictures/Desktop/sportmanagmentsystem/vendor/laravel/framework/src/Illuminate/Http/Middleware/ValidatePathEncoding.php(26): Illuminate/Pipeline/Pipeline->Illuminate/Pipeline/{closure}(Object(Illuminate/Http/Request))
#53 C:/Users/lucky/OneDrive/Pictures/Desktop/sportmanagmentsystem/vendor/laravel/framework/src/Illuminate/Pipeline/Pipeline.php(219): Illuminate/Http/Middleware/ValidatePathEncoding->handle(Object(Illuminate/Http/Request), Object(Closure))
#54 C:/Users/lucky/OneDrive/Pictures/Desktop/sportmanagmentsystem/vendor/laravel/framework/src/Illuminate/Pipeline/Pipeline.php(137): Illuminate/Pipeline/Pipeline->Illuminate/Pipeline/{closure}(Object(Illuminate/Http/Request))
#55 C:/Users/lucky/OneDrive/Pictures/Desktop/sportmanagmentsystem/vendor/laravel/framework/src/Illuminate/Foundation/Http/Kernel.php(175): Illuminate/Pipeline/Pipeline->then(Object(Closure))
#56 C:/Users/lucky/OneDrive/Pictures/Desktop/sportmanagmentsystem/vendor/laravel/framework/src/Illuminate/Foundation/Http/Kernel.php(144): Illuminate/Foundation/Http/Kernel->sendRequestThroughRouter(Object(Illuminate/Http/Request))
#57 C:/Users/lucky/OneDrive/Pictures/Desktop/sportmanagmentsystem/public/index.php(16): Illuminate/Foundation/Http/Kernel->handle(Object(Illuminate/Http/Request))
#58 C:/Users/lucky/OneDrive/Pictures/Desktop/sportmanagmentsystem/vendor/laravel/framework/src/Illuminate/Foundation/resources/server.php(23): require_once('C://Users//lucky//...')
#59 {main}

[previous exception] [object] (Illuminate\\Foundation\\ViteManifestNotFoundException(code: 0): Vite manifest not found at: C:\\Users\\lucky\\OneDrive\\Pictures\\Desktop\\sportmanagmentsystem\\public\\build/manifest.json at C:/Users/lucky/OneDrive/Pictures/Desktop/sportmanagmentsystem/vendor/laravel/framework/src/Illuminate/Foundation/Vite.php:946)
[stacktrace]
#0 C:/Users/lucky/OneDrive/Pictures/Desktop/sportmanagmentsystem/vendor/laravel/framework/src/Illuminate/Foundation/Vite.php(384): Illuminate/Foundation/Vite->manifest('build')
#1 C:/Users/lucky/OneDrive/Pictures/Desktop/sportmanagmentsystem/storage/framework/views/bfd17f20ed80b15cda0cc8665043af47.php(7): Illuminate/Foundation/Vite->__invoke(Object(Illuminate/Support/Collection))
#2 C:/Users/lucky/OneDrive/Pictures/Desktop/sportmanagmentsystem/vendor/laravel/framework/src/Illuminate/Filesystem/Filesystem.php(123): require('C://Users//lucky//...')
#3 C:/Users/lucky/OneDrive/Pictures/Desktop/sportmanagmentsystem/vendor/laravel/framework/src/Illuminate/Filesystem/Filesystem.php(124): Illuminate/Filesystem/Filesystem::Illuminate/Filesystem/{closure}()
#4 C:/Users/lucky/OneDrive/Pictures/Desktop/sportmanagmentsystem/vendor/laravel/framework/src/Illuminate/View/Engines/PhpEngine.php(57): Illuminate/Filesystem/Filesystem->getRequire('C://Users//lucky//...', Array)
#5 C:/Users/lucky/OneDrive/Pictures/Desktop/sportmanagmentsystem/vendor/laravel/framework/src/Illuminate/View/Engines/CompilerEngine.php(76): Illuminate/View/Engines/PhpEngine->evaluatePath('C://Users//lucky//...', Array)
#6 C:/Users/lucky/OneDrive/Pictures/Desktop/sportmanagmentsystem/vendor/laravel/framework/src/Illuminate/View/View.php(208): Illuminate/View/Engines/CompilerEngine->get('C://Users//lucky//...', Array)
#7 C:/Users/lucky/OneDrive/Pictures/Desktop/sportmanagmentsystem/vendor/laravel/framework/src/Illuminate/View/View.php(191): Illuminate/View/View->getContents()
#8 C:/Users/lucky/OneDrive/Pictures/Desktop/sportmanagmentsystem/vendor/laravel/framework/src/Illuminate/View/View.php(160): Illuminate/View/View->renderContents()
#9 C:/Users/lucky/OneDrive/Pictures/Desktop/sportmanagmentsystem/vendor/laravel/framework/src/Illuminate/Http/Response.php(78): Illuminate/View/View->render()
#10 C:/Users/lucky/OneDrive/Pictures/Desktop/sportmanagmentsystem/vendor/laravel/framework/src/Illuminate/Http/Response.php(34): Illuminate/Http/Response->setContent(Object(Illuminate/View/View))
#11 C:/Users/lucky/OneDrive/Pictures/Desktop/sportmanagmentsystem/vendor/laravel/framework/src/Illuminate/Routing/ResponseFactory.php(61): Illuminate/Http/Response->__construct(Object(Illuminate/View/View), 200, Array)
#12 C:/Users/lucky/OneDrive/Pictures/Desktop/sportmanagmentsystem/vendor/laravel/framework/src/Illuminate/Routing/ResponseFactory.php(91): Illuminate/Routing/ResponseFactory->make(Object(Illuminate/View/View), 200, Array)
#13 C:/Users/lucky/OneDrive/Pictures/Desktop/sportmanagmentsystem/vendor/laravel/framework/src/Illuminate/Routing/ViewController.php(40): Illuminate/Routing/ResponseFactory->view('welcome', Array, 200, Array)
#14 C:/Users/lucky/OneDrive/Pictures/Desktop/sportmanagmentsystem/vendor/laravel/framework/src/Illuminate/Routing/ViewController.php(57): Illuminate/Routing/ViewController->__invoke(view: 'welcome', data: Array, status: 200, headers: Array)
#15 C:/Users/lucky/OneDrive/Pictures/Desktop/sportmanagmentsystem/vendor/laravel/framework/src/Illuminate/Routing/ControllerDispatcher.php(43): Illuminate/Routing/ViewController->callAction('__invoke', Array)
#16 C:/Users/lucky/OneDrive/Pictures/Desktop/sportmanagmentsystem/vendor/laravel/framework/src/Illuminate/Routing/Route.php(265): Illuminate/Routing/ControllerDispatcher->dispatch(Object(Illuminate/Routing/Route), Object(Illuminate/Routing/ViewController), '__invoke')
#17 C:/Users/lucky/OneDrive/Pictures/Desktop/sportmanagmentsystem/vendor/laravel/framework/src/Illuminate/Routing/Route.php(211): Illuminate/Routing/Route->runController()
#18 C:/Users/lucky/OneDrive/Pictures/Desktop/sportmanagmentsystem/vendor/laravel/framework/src/Illuminate/Routing/Router.php(822): Illuminate/Routing/Route->run()
#19 C:/Users/lucky/OneDrive/Pictures/Desktop/sportmanagmentsystem/vendor/laravel/framework/src/Illuminate/Pipeline/Pipeline.php(180): Illuminate/Routing/Router->Illuminate/Routing/{closure}(Object(Illuminate/Http/Request))
#20 C:/Users/lucky/OneDrive/Pictures/Desktop/sportmanagmentsystem/vendor/laravel/framework/src/Illuminate/Routing/Middleware/SubstituteBindings.php(50): Illuminate/Pipeline/Pipeline->Illuminate/Pipeline/{closure}(Object(Illuminate/Http/Request))
#21 C:/Users/lucky/OneDrive/Pictures/Desktop/sportmanagmentsystem/vendor/laravel/framework/src/Illuminate/Pipeline/Pipeline.php(219): Illuminate/Routing/Middleware/SubstituteBindings->handle(Object(Illuminate/Http/Request), Object(Closure))
#22 C:/Users/lucky/OneDrive/Pictures/Desktop/sportmanagmentsystem/vendor/laravel/framework/src/Illuminate/Foundation/Http/Middleware/VerifyCsrfToken.php(87): Illuminate/Pipeline/Pipeline->Illuminate/Pipeline/{closure}(Object(Illuminate/Http/Request))
#23 C:/Users/lucky/OneDrive/Pictures/Desktop/sportmanagmentsystem/vendor/laravel/framework/src/Illuminate/Pipeline/Pipeline.php(219): Illuminate/Foundation/Http/Middleware/VerifyCsrfToken->handle(Object(Illuminate/Http/Request), Object(Closure))
#24 C:/Users/lucky/OneDrive/Pictures/Desktop/sportmanagmentsystem/vendor/laravel/framework/src/Illuminate/View/Middleware/ShareErrorsFromSession.php(48): Illuminate/Pipeline/Pipeline->Illuminate/Pipeline/{closure}(Object(Illuminate/Http/Request))
#25 C:/Users/lucky/OneDrive/Pictures/Desktop/sportmanagmentsystem/vendor/laravel/framework/src/Illuminate/Pipeline/Pipeline.php(219): Illuminate/View/Middleware/ShareErrorsFromSession->handle(Object(Illuminate/Http/Request), Object(Closure))
#26 C:/Users/lucky/OneDrive/Pictures/Desktop/sportmanagmentsystem/vendor/laravel/framework/src/Illuminate/Session/Middleware/StartSession.php(120): Illuminate/Pipeline/Pipeline->Illuminate/Pipeline/{closure}(Object(Illuminate/Http/Request))
#27 C:/Users/lucky/OneDrive/Pictures/Desktop/sportmanagmentsystem/vendor/laravel/framework/src/Illuminate/Session/Middleware/StartSession.php(63): Illuminate/Session/Middleware/StartSession->handleStatefulRequest(Object(Illuminate/Http/Request), Object(Illuminate/Session/Store), Object(Closure))
#28 C:/Users/lucky/OneDrive/Pictures/Desktop/sportmanagmentsystem/vendor/laravel/framework/src/Illuminate/Pipeline/Pipeline.php(219): Illuminate/Session/Middleware/StartSession->handle(Object(Illuminate/Http/Request), Object(Closure))
#29 C:/Users/lucky/OneDrive/Pictures/Desktop/sportmanagmentsystem/vendor/laravel/framework/src/Illuminate/Cookie/Middleware/AddQueuedCookiesToResponse.php(36): Illuminate/Pipeline/Pipeline->Illuminate/Pipeline/{closure}(Object(Illuminate/Http/Request))
#30 C:/Users/lucky/OneDrive/Pictures/Desktop/sportmanagmentsystem/vendor/laravel/framework/src/Illuminate/Pipeline/Pipeline.php(219): Illuminate/Cookie/Middleware/AddQueuedCookiesToResponse->handle(Object(Illuminate/Http/Request), Object(Closure))
#31 C:/Users/lucky/OneDrive/Pictures/Desktop/sportmanagmentsystem/vendor/laravel/framework/src/Illuminate/Cookie/Middleware/EncryptCookies.php(74): Illuminate/Pipeline/Pipeline->Illuminate/Pipeline/{closure}(Object(Illuminate/Http/Request))
#32 C:/Users/lucky/OneDrive/Pictures/Desktop/sportmanagmentsystem/vendor/laravel/framework/src/Illuminate/Pipeline/Pipeline.php(219): Illuminate/Cookie/Middleware/EncryptCookies->handle(Object(Illuminate/Http/Request), Object(Closure))
#33 C:/Users/lucky/OneDrive/Pictures/Desktop/sportmanagmentsystem/vendor/laravel/framework/src/Illuminate/Pipeline/Pipeline.php(137): Illuminate/Pipeline/Pipeline->Illuminate/Pipeline/{closure}(Object(Illuminate/Http/Request))
#34 C:/Users/lucky/OneDrive/Pictures/Desktop/sportmanagmentsystem/vendor/laravel/framework/src/Illuminate/Routing/Router.php(821): Illuminate/Pipeline/Pipeline->then(Object(Closure))
#35 C:/Users/lucky/OneDrive/Pictures/Desktop/sportmanagmentsystem/vendor/laravel/framework/src/Illuminate/Routing/Router.php(800): Illuminate/Routing/Router->runRouteWithinStack(Object(Illuminate/Routing/Route), Object(Illuminate/Http/Request))
#36 C:/Users/lucky/OneDrive/Pictures/Desktop/sportmanagmentsystem/vendor/laravel/framework/src/Illuminate/Routing/Router.php(764): Illuminate/Routing/Router->runRoute(Object(Illuminate/Http/Request), Object(Illuminate/Routing/Route))
#37 C:/Users/lucky/OneDrive/Pictures/Desktop/sportmanagmentsystem/vendor/laravel/framework/src/Illuminate/Routing/Router.php(753): Illuminate/Routing/Router->dispatchToRoute(Object(Illuminate/Http/Request))
#38 C:/Users/lucky/OneDrive/Pictures/Desktop/sportmanagmentsystem/vendor/laravel/framework/src/Illuminate/Foundation/Http/Kernel.php(200): Illuminate/Routing/Router->dispatch(Object(Illuminate/Http/Request))
#39 C:/Users/lucky/OneDrive/Pictures/Desktop/sportmanagmentsystem/vendor/laravel/framework/src/Illuminate/Pipeline/Pipeline.php(180): Illuminate/Foundation/Http/Kernel->Illuminate/Foundation/Http/{closure}(Object(Illuminate/Http/Request))
#40 C:/Users/lucky/OneDrive/Pictures/Desktop/sportmanagmentsystem/vendor/laravel/framework/src/Illuminate/Foundation/Http/Middleware/TransformsRequest.php(21): Illuminate/Pipeline/Pipeline->Illuminate/Pipeline/{closure}(Object(Illuminate/Http/Request))
#41 C:/Users/lucky/OneDrive/Pictures/Desktop/sportmanagmentsystem/vendor/laravel/framework/src/Illuminate/Foundation/Http/Middleware/ConvertEmptyStringsToNull.php(31): Illuminate/Foundation/Http/Middleware/TransformsRequest->handle(Object(Illuminate/Http/Request), Object(Closure))
#42 C:/Users/lucky/OneDrive/Pictures/Desktop/sportmanagmentsystem/vendor/laravel/framework/src/Illuminate/Pipeline/Pipeline.php(219): Illuminate/Foundation/Http/Middleware/ConvertEmptyStringsToNull->handle(Object(Illuminate/Http/Request), Object(Closure))
#43 C:/Users/lucky/OneDrive/Pictures/Desktop/sportmanagmentsystem/vendor/laravel/framework/src/Illuminate/Foundation/Http/Middleware/TransformsRequest.php(21): Illuminate/Pipeline/Pipeline->Illuminate/Pipeline/{closure}(Object(Illuminate/Http/Request))
#44 C:/Users/lucky/OneDrive/Pictures/Desktop/sportmanagmentsystem/vendor/laravel/framework/src/Illuminate/Foundation/Http/Middleware/TrimStrings.php(51): Illuminate/Foundation/Http/Middleware/TransformsRequest->handle(Object(Illuminate/Http/Request), Object(Closure))
#45 C:/Users/lucky/OneDrive/Pictures/Desktop/sportmanagmentsystem/vendor/laravel/framework/src/Illuminate/Pipeline/Pipeline.php(219): Illuminate/Foundation/Http/Middleware/TrimStrings->handle(Object(Illuminate/Http/Request), Object(Closure))
#46 C:/Users/lucky/OneDrive/Pictures/Desktop/sportmanagmentsystem/vendor/laravel/framework/src/Illuminate/Http/Middleware/ValidatePostSize.php(27): Illuminate/Pipeline/Pipeline->Illuminate/Pipeline/{closure}(Object(Illuminate/Http/Request))
#47 C:/Users/lucky/OneDrive/Pictures/Desktop/sportmanagmentsystem/vendor/laravel/framework/src/Illuminate/Pipeline/Pipeline.php(219): Illuminate/Http/Middleware/ValidatePostSize->handle(Object(Illuminate/Http/Request), Object(Closure))
#48 C:/Users/lucky/OneDrive/Pictures/Desktop/sportmanagmentsystem/vendor/laravel/framework/src/Illuminate/Foundation/Http/Middleware/PreventRequestsDuringMaintenance.php(109): Illuminate/Pipeline/Pipeline->Illuminate/Pipeline/{closure}(Object(Illuminate/Http/Request))
#49 C:/Users/lucky/OneDrive/Pictures/Desktop/sportmanagmentsystem/vendor/laravel/framework/src/Illuminate/Pipeline/Pipeline.php(219): Illuminate/Foundation/Http/Middleware/PreventRequestsDuringMaintenance->handle(Object(Illuminate/Http/Request), Object(Closure))
#50 C:/Users/lucky/OneDrive/Pictures/Desktop/sportmanagmentsystem/vendor/laravel/framework/src/Illuminate/Http/Middleware/HandleCors.php(61): Illuminate/Pipeline/Pipeline->Illuminate/Pipeline/{closure}(Object(Illuminate/Http/Request))
#51 C:/Users/lucky/OneDrive/Pictures/Desktop/sportmanagmentsystem/vendor/laravel/framework/src/Illuminate/Pipeline/Pipeline.php(219): Illuminate/Http/Middleware/HandleCors->handle(Object(Illuminate/Http/Request), Object(Closure))
#52 C:/Users/lucky/OneDrive/Pictures/Desktop/sportmanagmentsystem/vendor/laravel/framework/src/Illuminate/Http/Middleware/TrustProxies.php(58): Illuminate/Pipeline/Pipeline->Illuminate/Pipeline/{closure}(Object(Illuminate/Http/Request))
#53 C:/Users/lucky/OneDrive/Pictures/Desktop/sportmanagmentsystem/vendor/laravel/framework/src/Illuminate/Pipeline/Pipeline.php(219): Illuminate/Http/Middleware/TrustProxies->handle(Object(Illuminate/Http/Request), Object(Closure))
#54 C:/Users/lucky/OneDrive/Pictures/Desktop/sportmanagmentsystem/vendor/laravel/framework/src/Illuminate/Foundation/Http/Middleware/InvokeDeferredCallbacks.php(22): Illuminate/Pipeline/Pipeline->Illuminate/Pipeline/{closure}(Object(Illuminate/Http/Request))
#55 C:/Users/lucky/OneDrive/Pictures/Desktop/sportmanagmentsystem/vendor/laravel/framework/src/Illuminate/Pipeline/Pipeline.php(219): Illuminate/Foundation/Http/Middleware/InvokeDeferredCallbacks->handle(Object(Illuminate/Http/Request), Object(Closure))
#56 C:/Users/lucky/OneDrive/Pictures/Desktop/sportmanagmentsystem/vendor/laravel/framework/src/Illuminate/Http/Middleware/ValidatePathEncoding.php(26): Illuminate/Pipeline/Pipeline->Illuminate/Pipeline/{closure}(Object(Illuminate/Http/Request))
#57 C:/Users/lucky/OneDrive/Pictures/Desktop/sportmanagmentsystem/vendor/laravel/framework/src/Illuminate/Pipeline/Pipeline.php(219): Illuminate/Http/Middleware/ValidatePathEncoding->handle(Object(Illuminate/Http/Request), Object(Closure))
#58 C:/Users/lucky/OneDrive/Pictures/Desktop/sportmanagmentsystem/vendor/laravel/framework/src/Illuminate/Pipeline/Pipeline.php(137): Illuminate/Pipeline/Pipeline->Illuminate/Pipeline/{closure}(Object(Illuminate/Http/Request))
#59 C:/Users/lucky/OneDrive/Pictures/Desktop/sportmanagmentsystem/vendor/laravel/framework/src/Illuminate/Foundation/Http/Kernel.php(175): Illuminate/Pipeline/Pipeline->then(Object(Closure))
#60 C:/Users/lucky/OneDrive/Pictures/Desktop/sportmanagmentsystem/vendor/laravel/framework/src/Illuminate/Foundation/Http/Kernel.php(144): Illuminate/Foundation/Http/Kernel->sendRequestThroughRouter(Object(Illuminate/Http/Request))
#61 C:/Users/lucky/OneDrive/Pictures/Desktop/sportmanagmentsystem/public/index.php(16): Illuminate/Foundation/Http/Kernel->handle(Object(Illuminate/Http/Request))
#62 C:/Users/lucky/OneDrive/Pictures/Desktop/sportmanagmentsystem/vendor/laravel/framework/src/Illuminate/Foundation/resources/server.php(23): require_once('C://Users//lucky//...')
#63 {main}
"} 
[2026-05-17 17:11:45] local.ERROR: Vite manifest not found at: C:\Users\lucky\OneDrive\Pictures\Desktop\sportmanagmentsystem\public\build/manifest.json (View: C:\Users\lucky\OneDrive\Pictures\Desktop\sportmanagmentsystem\resources\views\welcome.blade.php) {"exception":"[object] (Illuminate\\View\\ViewException(code: 0): Vite manifest not found at: C:\\Users\\lucky\\OneDrive\\Pictures\\Desktop\\sportmanagmentsystem\\public\\build/manifest.json (View: C:\\Users\\lucky\\OneDrive\\Pictures\\Desktop\\sportmanagmentsystem\\resources\\views\\welcome.blade.php) at C:/Users/lucky/OneDrive/Pictures/Desktop/sportmanagmentsystem/vendor/laravel/framework/src/Illuminate/Foundation/Vite.php:946)
[stacktrace]
#0 C:/Users/lucky/OneDrive/Pictures/Desktop/sportmanagmentsystem/vendor/laravel/framework/src/Illuminate/View/Engines/PhpEngine.php(59): Illuminate/View/Engines/CompilerEngine->handleViewException(Object(Illuminate/Foundation/ViteManifestNotFoundException), 1)
#1 C:/Users/lucky/OneDrive/Pictures/Desktop/sportmanagmentsystem/vendor/laravel/framework/src/Illuminate/View/Engines/CompilerEngine.php(76): Illuminate/View/Engines/PhpEngine->evaluatePath('C://Users//lucky//...', Array)
#2 C:/Users/lucky/OneDrive/Pictures/Desktop/sportmanagmentsystem/vendor/laravel/framework/src/Illuminate/View/View.php(208): Illuminate/View/Engines/CompilerEngine->get('C://Users//lucky//...', Array)
#3 C:/Users/lucky/OneDrive/Pictures/Desktop/sportmanagmentsystem/vendor/laravel/framework/src/Illuminate/View/View.php(191): Illuminate/View/View->getContents()
#4 C:/Users/lucky/OneDrive/Pictures/Desktop/sportmanagmentsystem/vendor/laravel/framework/src/Illuminate/View/View.php(160): Illuminate/View/View->renderContents()
#5 C:/Users/lucky/OneDrive/Pictures/Desktop/sportmanagmentsystem/vendor/laravel/framework/src/Illuminate/Http/Response.php(78): Illuminate/View/View->render()
#6 C:/Users/lucky/OneDrive/Pictures/Desktop/sportmanagmentsystem/vendor/laravel/framework/src/Illuminate/Http/Response.php(34): Illuminate/Http/Response->setContent(Object(Illuminate/View/View))
#7 C:/Users/lucky/OneDrive/Pictures/Desktop/sportmanagmentsystem/vendor/laravel/framework/src/Illuminate/Routing/ResponseFactory.php(61): Illuminate/Http/Response->__construct(Object(Illuminate/View/View), 200, Array)
#8 C:/Users/lucky/OneDrive/Pictures/Desktop/sportmanagmentsystem/vendor/laravel/framework/src/Illuminate/Routing/ResponseFactory.php(91): Illuminate/Routing/ResponseFactory->make(Object(Illuminate/View/View), 200, Array)
#9 C:/Users/lucky/OneDrive/Pictures/Desktop/sportmanagmentsystem/vendor/laravel/framework/src/Illuminate/Routing/ViewController.php(40): Illuminate/Routing/ResponseFactory->view('welcome', Array, 200, Array)
#10 C:/Users/lucky/OneDrive/Pictures/Desktop/sportmanagmentsystem/vendor/laravel/framework/src/Illuminate/Routing/ViewController.php(57): Illuminate/Routing/ViewController->__invoke(view: 'welcome', data: Array, status: 200, headers: Array)
#11 C:/Users/lucky/OneDrive/Pictures/Desktop/sportmanagmentsystem/vendor/laravel/framework/src/Illuminate/Routing/ControllerDispatcher.php(43): Illuminate/Routing/ViewController->callAction('__invoke', Array)
#12 C:/Users/lucky/OneDrive/Pictures/Desktop/sportmanagmentsystem/vendor/laravel/framework/src/Illuminate/Routing/Route.php(265): Illuminate/Routing/ControllerDispatcher->dispatch(Object(Illuminate/Routing/Route), Object(Illuminate/Routing/ViewController), '__invoke')
#13 C:/Users/lucky/OneDrive/Pictures/Desktop/sportmanagmentsystem/vendor/laravel/framework/src/Illuminate/Routing/Route.php(211): Illuminate/Routing/Route->runController()
#14 C:/Users/lucky/OneDrive/Pictures/Desktop/sportmanagmentsystem/vendor/laravel/framework/src/Illuminate/Routing/Router.php(822): Illuminate/Routing/Route->run()
#15 C:/Users/lucky/OneDrive/Pictures/Desktop/sportmanagmentsystem/vendor/laravel/framework/src/Illuminate/Pipeline/Pipeline.php(180): Illuminate/Routing/Router->Illuminate/Routing/{closure}(Object(Illuminate/Http/Request))
#16 C:/Users/lucky/OneDrive/Pictures/Desktop/sportmanagmentsystem/vendor/laravel/framework/src/Illuminate/Routing/Middleware/SubstituteBindings.php(50): Illuminate/Pipeline/Pipeline->Illuminate/Pipeline/{closure}(Object(Illuminate/Http/Request))
#17 C:/Users/lucky/OneDrive/Pictures/Desktop/sportmanagmentsystem/vendor/laravel/framework/src/Illuminate/Pipeline/Pipeline.php(219): Illuminate/Routing/Middleware/SubstituteBindings->handle(Object(Illuminate/Http/Request), Object(Closure))
#18 C:/Users/lucky/OneDrive/Pictures/Desktop/sportmanagmentsystem/vendor/laravel/framework/src/Illuminate/Foundation/Http/Middleware/VerifyCsrfToken.php(87): Illuminate/Pipeline/Pipeline->Illuminate/Pipeline/{closure}(Object(Illuminate/Http/Request))
#19 C:/Users/lucky/OneDrive/Pictures/Desktop/sportmanagmentsystem/vendor/laravel/framework/src/Illuminate/Pipeline/Pipeline.php(219): Illuminate/Foundation/Http/Middleware/VerifyCsrfToken->handle(Object(Illuminate/Http/Request), Object(Closure))
#20 C:/Users/lucky/OneDrive/Pictures/Desktop/sportmanagmentsystem/vendor/laravel/framework/src/Illuminate/View/Middleware/ShareErrorsFromSession.php(48): Illuminate/Pipeline/Pipeline->Illuminate/Pipeline/{closure}(Object(Illuminate/Http/Request))
#21 C:/Users/lucky/OneDrive/Pictures/Desktop/sportmanagmentsystem/vendor/laravel/framework/src/Illuminate/Pipeline/Pipeline.php(219): Illuminate/View/Middleware/ShareErrorsFromSession->handle(Object(Illuminate/Http/Request), Object(Closure))
#22 C:/Users/lucky/OneDrive/Pictures/Desktop/sportmanagmentsystem/vendor/laravel/framework/src/Illuminate/Session/Middleware/StartSession.php(120): Illuminate/Pipeline/Pipeline->Illuminate/Pipeline/{closure}(Object(Illuminate/Http/Request))
#23 C:/Users/lucky/OneDrive/Pictures/Desktop/sportmanagmentsystem/vendor/laravel/framework/src/Illuminate/Session/Middleware/StartSession.php(63): Illuminate/Session/Middleware/StartSession->handleStatefulRequest(Object(Illuminate/Http/Request), Object(Illuminate/Session/Store), Object(Closure))
#24 C:/Users/lucky/OneDrive/Pictures/Desktop/sportmanagmentsystem/vendor/laravel/framework/src/Illuminate/Pipeline/Pipeline.php(219): Illuminate/Session/Middleware/StartSession->handle(Object(Illuminate/Http/Request), Object(Closure))
#25 C:/Users/lucky/OneDrive/Pictures/Desktop/sportmanagmentsystem/vendor/laravel/framework/src/Illuminate/Cookie/Middleware/AddQueuedCookiesToResponse.php(36): Illuminate/Pipeline/Pipeline->Illuminate/Pipeline/{closure}(Object(Illuminate/Http/Request))
#26 C:/Users/lucky/OneDrive/Pictures/Desktop/sportmanagmentsystem/vendor/laravel/framework/src/Illuminate/Pipeline/Pipeline.php(219): Illuminate/Cookie/Middleware/AddQueuedCookiesToResponse->handle(Object(Illuminate/Http/Request), Object(Closure))
#27 C:/Users/lucky/OneDrive/Pictures/Desktop/sportmanagmentsystem/vendor/laravel/framework/src/Illuminate/Cookie/Middleware/EncryptCookies.php(74): Illuminate/Pipeline/Pipeline->Illuminate/Pipeline/{closure}(Object(Illuminate/Http/Request))
#28 C:/Users/lucky/OneDrive/Pictures/Desktop/sportmanagmentsystem/vendor/laravel/framework/src/Illuminate/Pipeline/Pipeline.php(219): Illuminate/Cookie/Middleware/EncryptCookies->handle(Object(Illuminate/Http/Request), Object(Closure))
#29 C:/Users/lucky/OneDrive/Pictures/Desktop/sportmanagmentsystem/vendor/laravel/framework/src/Illuminate/Pipeline/Pipeline.php(137): Illuminate/Pipeline/Pipeline->Illuminate/Pipeline/{closure}(Object(Illuminate/Http/Request))
#30 C:/Users/lucky/OneDrive/Pictures/Desktop/sportmanagmentsystem/vendor/laravel/framework/src/Illuminate/Routing/Router.php(821): Illuminate/Pipeline/Pipeline->then(Object(Closure))
#31 C:/Users/lucky/OneDrive/Pictures/Desktop/sportmanagmentsystem/vendor/laravel/framework/src/Illuminate/Routing/Router.php(800): Illuminate/Routing/Router->runRouteWithinStack(Object(Illuminate/Routing/Route), Object(Illuminate/Http/Request))
#32 C:/Users/lucky/OneDrive/Pictures/Desktop/sportmanagmentsystem/vendor/laravel/framework/src/Illuminate/Routing/Router.php(764): Illuminate/Routing/Router->runRoute(Object(Illuminate/Http/Request), Object(Illuminate/Routing/Route))
#33 C:/Users/lucky/OneDrive/Pictures/Desktop/sportmanagmentsystem/vendor/laravel/framework/src/Illuminate/Routing/Router.php(753): Illuminate/Routing/Router->dispatchToRoute(Object(Illuminate/Http/Request))
#34 C:/Users/lucky/OneDrive/Pictures/Desktop/sportmanagmentsystem/vendor/laravel/framework/src/Illuminate/Foundation/Http/Kernel.php(200): Illuminate/Routing/Router->dispatch(Object(Illuminate/Http/Request))
#35 C:/Users/lucky/OneDrive/Pictures/Desktop/sportmanagmentsystem/vendor/laravel/framework/src/Illuminate/Pipeline/Pipeline.php(180): Illuminate/Foundation/Http/Kernel->Illuminate/Foundation/Http/{closure}(Object(Illuminate/Http/Request))
#36 C:/Users/lucky/OneDrive/Pictures/Desktop/sportmanagmentsystem/vendor/laravel/framework/src/Illuminate/Foundation/Http/Middleware/TransformsRequest.php(21): Illuminate/Pipeline/Pipeline->Illuminate/Pipeline/{closure}(Object(Illuminate/Http/Request))
#37 C:/Users/lucky/OneDrive/Pictures/Desktop/sportmanagmentsystem/vendor/laravel/framework/src/Illuminate/Foundation/Http/Middleware/ConvertEmptyStringsToNull.php(31): Illuminate/Foundation/Http/Middleware/TransformsRequest->handle(Object(Illuminate/Http/Request), Object(Closure))
#38 C:/Users/lucky/OneDrive/Pictures/Desktop/sportmanagmentsystem/vendor/laravel/framework/src/Illuminate/Pipeline/Pipeline.php(219): Illuminate/Foundation/Http/Middleware/ConvertEmptyStringsToNull->handle(Object(Illuminate/Http/Request), Object(Closure))
#39 C:/Users/lucky/OneDrive/Pictures/Desktop/sportmanagmentsystem/vendor/laravel/framework/src/Illuminate/Foundation/Http/Middleware/TransformsRequest.php(21): Illuminate/Pipeline/Pipeline->Illuminate/Pipeline/{closure}(Object(Illuminate/Http/Request))
#40 C:/Users/lucky/OneDrive/Pictures/Desktop/sportmanagmentsystem/vendor/laravel/framework/src/Illuminate/Foundation/Http/Middleware/TrimStrings.php(51): Illuminate/Foundation/Http/Middleware/TransformsRequest->handle(Object(Illuminate/Http/Request), Object(Closure))
#41 C:/Users/lucky/OneDrive/Pictures/Desktop/sportmanagmentsystem/vendor/laravel/framework/src/Illuminate/Pipeline/Pipeline.php(219): Illuminate/Foundation/Http/Middleware/TrimStrings->handle(Object(Illuminate/Http/Request), Object(Closure))
#42 C:/Users/lucky/OneDrive/Pictures/Desktop/sportmanagmentsystem/vendor/laravel/framework/src/Illuminate/Http/Middleware/ValidatePostSize.php(27): Illuminate/Pipeline/Pipeline->Illuminate/Pipeline/{closure}(Object(Illuminate/Http/Request))
#43 C:/Users/lucky/OneDrive/Pictures/Desktop/sportmanagmentsystem/vendor/laravel/framework/src/Illuminate/Pipeline/Pipeline.php(219): Illuminate/Http/Middleware/ValidatePostSize->handle(Object(Illuminate/Http/Request), Object(Closure))
#44 C:/Users/lucky/OneDrive/Pictures/Desktop/sportmanagmentsystem/vendor/laravel/framework/src/Illuminate/Foundation/Http/Middleware/PreventRequestsDuringMaintenance.php(109): Illuminate/Pipeline/Pipeline->Illuminate/Pipeline/{closure}(Object(Illuminate/Http/Request))
#45 C:/Users/lucky/OneDrive/Pictures/Desktop/sportmanagmentsystem/vendor/laravel/framework/src/Illuminate/Pipeline/Pipeline.php(219): Illuminate/Foundation/Http/Middleware/PreventRequestsDuringMaintenance->handle(Object(Illuminate/Http/Request), Object(Closure))
#46 C:/Users/lucky/OneDrive/Pictures/Desktop/sportmanagmentsystem/vendor/laravel/framework/src/Illuminate/Http/Middleware/HandleCors.php(61): Illuminate/Pipeline/Pipeline->Illuminate/Pipeline/{closure}(Object(Illuminate/Http/Request))
#47 C:/Users/lucky/OneDrive/Pictures/Desktop/sportmanagmentsystem/vendor/laravel/framework/src/Illuminate/Pipeline/Pipeline.php(219): Illuminate/Http/Middleware/HandleCors->handle(Object(Illuminate/Http/Request), Object(Closure))
#48 C:/Users/lucky/OneDrive/Pictures/Desktop/sportmanagmentsystem/vendor/laravel/framework/src/Illuminate/Http/Middleware/TrustProxies.php(58): Illuminate/Pipeline/Pipeline->Illuminate/Pipeline/{closure}(Object(Illuminate/Http/Request))
#49 C:/Users/lucky/OneDrive/Pictures/Desktop/sportmanagmentsystem/vendor/laravel/framework/src/Illuminate/Pipeline/Pipeline.php(219): Illuminate/Http/Middleware/TrustProxies->handle(Object(Illuminate/Http/Request), Object(Closure))
#50 C:/Users/lucky/OneDrive/Pictures/Desktop/sportmanagmentsystem/vendor/laravel/framework/src/Illuminate/Foundation/Http/Middleware/InvokeDeferredCallbacks.php(22): Illuminate/Pipeline/Pipeline->Illuminate/Pipeline/{closure}(Object(Illuminate/Http/Request))
#51 C:/Users/lucky/OneDrive/Pictures/Desktop/sportmanagmentsystem/vendor/laravel/framework/src/Illuminate/Pipeline/Pipeline.php(219): Illuminate/Foundation/Http/Middleware/InvokeDeferredCallbacks->handle(Object(Illuminate/Http/Request), Object(Closure))
#52 C:/Users/lucky/OneDrive/Pictures/Desktop/sportmanagmentsystem/vendor/laravel/framework/src/Illuminate/Http/Middleware/ValidatePathEncoding.php(26): Illuminate/Pipeline/Pipeline->Illuminate/Pipeline/{closure}(Object(Illuminate/Http/Request))
#53 C:/Users/lucky/OneDrive/Pictures/Desktop/sportmanagmentsystem/vendor/laravel/framework/src/Illuminate/Pipeline/Pipeline.php(219): Illuminate/Http/Middleware/ValidatePathEncoding->handle(Object(Illuminate/Http/Request), Object(Closure))
#54 C:/Users/lucky/OneDrive/Pictures/Desktop/sportmanagmentsystem/vendor/laravel/framework/src/Illuminate/Pipeline/Pipeline.php(137): Illuminate/Pipeline/Pipeline->Illuminate/Pipeline/{closure}(Object(Illuminate/Http/Request))
#55 C:/Users/lucky/OneDrive/Pictures/Desktop/sportmanagmentsystem/vendor/laravel/framework/src/Illuminate/Foundation/Http/Kernel.php(175): Illuminate/Pipeline/Pipeline->then(Object(Closure))
#56 C:/Users/lucky/OneDrive/Pictures/Desktop/sportmanagmentsystem/vendor/laravel/framework/src/Illuminate/Foundation/Http/Kernel.php(144): Illuminate/Foundation/Http/Kernel->sendRequestThroughRouter(Object(Illuminate/Http/Request))
#57 C:/Users/lucky/OneDrive/Pictures/Desktop/sportmanagmentsystem/public/index.php(16): Illuminate/Foundation/Http/Kernel->handle(Object(Illuminate/Http/Request))
#58 C:/Users/lucky/OneDrive/Pictures/Desktop/sportmanagmentsystem/vendor/laravel/framework/src/Illuminate/Foundation/resources/server.php(23): require_once('C://Users//lucky//...')
#59 {main}

[previous exception] [object] (Illuminate\\Foundation\\ViteManifestNotFoundException(code: 0): Vite manifest not found at: C:\\Users\\lucky\\OneDrive\\Pictures\\Desktop\\sportmanagmentsystem\\public\\build/manifest.json at C:/Users/lucky/OneDrive/Pictures/Desktop/sportmanagmentsystem/vendor/laravel/framework/src/Illuminate/Foundation/Vite.php:946)
[stacktrace]
#0 C:/Users/lucky/OneDrive/Pictures/Desktop/sportmanagmentsystem/vendor/laravel/framework/src/Illuminate/Foundation/Vite.php(384): Illuminate/Foundation/Vite->manifest('build')
#1 C:/Users/lucky/OneDrive/Pictures/Desktop/sportmanagmentsystem/storage/framework/views/bfd17f20ed80b15cda0cc8665043af47.php(7): Illuminate/Foundation/Vite->__invoke(Object(Illuminate/Support/Collection))
#2 C:/Users/lucky/OneDrive/Pictures/Desktop/sportmanagmentsystem/vendor/laravel/framework/src/Illuminate/Filesystem/Filesystem.php(123): require('C://Users//lucky//...')
#3 C:/Users/lucky/OneDrive/Pictures/Desktop/sportmanagmentsystem/vendor/laravel/framework/src/Illuminate/Filesystem/Filesystem.php(124): Illuminate/Filesystem/Filesystem::Illuminate/Filesystem/{closure}()
#4 C:/Users/lucky/OneDrive/Pictures/Desktop/sportmanagmentsystem/vendor/laravel/framework/src/Illuminate/View/Engines/PhpEngine.php(57): Illuminate/Filesystem/Filesystem->getRequire('C://Users//lucky//...', Array)
#5 C:/Users/lucky/OneDrive/Pictures/Desktop/sportmanagmentsystem/vendor/laravel/framework/src/Illuminate/View/Engines/CompilerEngine.php(76): Illuminate/View/Engines/PhpEngine->evaluatePath('C://Users//lucky//...', Array)
#6 C:/Users/lucky/OneDrive/Pictures/Desktop/sportmanagmentsystem/vendor/laravel/framework/src/Illuminate/View/View.php(208): Illuminate/View/Engines/CompilerEngine->get('C://Users//lucky//...', Array)
#7 C:/Users/lucky/OneDrive/Pictures/Desktop/sportmanagmentsystem/vendor/laravel/framework/src/Illuminate/View/View.php(191): Illuminate/View/View->getContents()
#8 C:/Users/lucky/OneDrive/Pictures/Desktop/sportmanagmentsystem/vendor/laravel/framework/src/Illuminate/View/View.php(160): Illuminate/View/View->renderContents()
#9 C:/Users/lucky/OneDrive/Pictures/Desktop/sportmanagmentsystem/vendor/laravel/framework/src/Illuminate/Http/Response.php(78): Illuminate/View/View->render()
#10 C:/Users/lucky/OneDrive/Pictures/Desktop/sportmanagmentsystem/vendor/laravel/framework/src/Illuminate/Http/Response.php(34): Illuminate/Http/Response->setContent(Object(Illuminate/View/View))
#11 C:/Users/lucky/OneDrive/Pictures/Desktop/sportmanagmentsystem/vendor/laravel/framework/src/Illuminate/Routing/ResponseFactory.php(61): Illuminate/Http/Response->__construct(Object(Illuminate/View/View), 200, Array)
#12 C:/Users/lucky/OneDrive/Pictures/Desktop/sportmanagmentsystem/vendor/laravel/framework/src/Illuminate/Routing/ResponseFactory.php(91): Illuminate/Routing/ResponseFactory->make(Object(Illuminate/View/View), 200, Array)
#13 C:/Users/lucky/OneDrive/Pictures/Desktop/sportmanagmentsystem/vendor/laravel/framework/src/Illuminate/Routing/ViewController.php(40): Illuminate/Routing/ResponseFactory->view('welcome', Array, 200, Array)
#14 C:/Users/lucky/OneDrive/Pictures/Desktop/sportmanagmentsystem/vendor/laravel/framework/src/Illuminate/Routing/ViewController.php(57): Illuminate/Routing/ViewController->__invoke(view: 'welcome', data: Array, status: 200, headers: Array)
#15 C:/Users/lucky/OneDrive/Pictures/Desktop/sportmanagmentsystem/vendor/laravel/framework/src/Illuminate/Routing/ControllerDispatcher.php(43): Illuminate/Routing/ViewController->callAction('__invoke', Array)
#16 C:/Users/lucky/OneDrive/Pictures/Desktop/sportmanagmentsystem/vendor/laravel/framework/src/Illuminate/Routing/Route.php(265): Illuminate/Routing/ControllerDispatcher->dispatch(Object(Illuminate/Routing/Route), Object(Illuminate/Routing/ViewController), '__invoke')
#17 C:/Users/lucky/OneDrive/Pictures/Desktop/sportmanagmentsystem/vendor/laravel/framework/src/Illuminate/Routing/Route.php(211): Illuminate/Routing/Route->runController()
#18 C:/Users/lucky/OneDrive/Pictures/Desktop/sportmanagmentsystem/vendor/laravel/framework/src/Illuminate/Routing/Router.php(822): Illuminate/Routing/Route->run()
#19 C:/Users/lucky/OneDrive/Pictures/Desktop/sportmanagmentsystem/vendor/laravel/framework/src/Illuminate/Pipeline/Pipeline.php(180): Illuminate/Routing/Router->Illuminate/Routing/{closure}(Object(Illuminate/Http/Request))
#20 C:/Users/lucky/OneDrive/Pictures/Desktop/sportmanagmentsystem/vendor/laravel/framework/src/Illuminate/Routing/Middleware/SubstituteBindings.php(50): Illuminate/Pipeline/Pipeline->Illuminate/Pipeline/{closure}(Object(Illuminate/Http/Request))
#21 C:/Users/lucky/OneDrive/Pictures/Desktop/sportmanagmentsystem/vendor/laravel/framework/src/Illuminate/Pipeline/Pipeline.php(219): Illuminate/Routing/Middleware/SubstituteBindings->handle(Object(Illuminate/Http/Request), Object(Closure))
#22 C:/Users/lucky/OneDrive/Pictures/Desktop/sportmanagmentsystem/vendor/laravel/framework/src/Illuminate/Foundation/Http/Middleware/VerifyCsrfToken.php(87): Illuminate/Pipeline/Pipeline->Illuminate/Pipeline/{closure}(Object(Illuminate/Http/Request))
#23 C:/Users/lucky/OneDrive/Pictures/Desktop/sportmanagmentsystem/vendor/laravel/framework/src/Illuminate/Pipeline/Pipeline.php(219): Illuminate/Foundation/Http/Middleware/VerifyCsrfToken->handle(Object(Illuminate/Http/Request), Object(Closure))
#24 C:/Users/lucky/OneDrive/Pictures/Desktop/sportmanagmentsystem/vendor/laravel/framework/src/Illuminate/View/Middleware/ShareErrorsFromSession.php(48): Illuminate/Pipeline/Pipeline->Illuminate/Pipeline/{closure}(Object(Illuminate/Http/Request))
#25 C:/Users/lucky/OneDrive/Pictures/Desktop/sportmanagmentsystem/vendor/laravel/framework/src/Illuminate/Pipeline/Pipeline.php(219): Illuminate/View/Middleware/ShareErrorsFromSession->handle(Object(Illuminate/Http/Request), Object(Closure))
#26 C:/Users/lucky/OneDrive/Pictures/Desktop/sportmanagmentsystem/vendor/laravel/framework/src/Illuminate/Session/Middleware/StartSession.php(120): Illuminate/Pipeline/Pipeline->Illuminate/Pipeline/{closure}(Object(Illuminate/Http/Request))
#27 C:/Users/lucky/OneDrive/Pictures/Desktop/sportmanagmentsystem/vendor/laravel/framework/src/Illuminate/Session/Middleware/StartSession.php(63): Illuminate/Session/Middleware/StartSession->handleStatefulRequest(Object(Illuminate/Http/Request), Object(Illuminate/Session/Store), Object(Closure))
#28 C:/Users/lucky/OneDrive/Pictures/Desktop/sportmanagmentsystem/vendor/laravel/framework/src/Illuminate/Pipeline/Pipeline.php(219): Illuminate/Session/Middleware/StartSession->handle(Object(Illuminate/Http/Request), Object(Closure))
#29 C:/Users/lucky/OneDrive/Pictures/Desktop/sportmanagmentsystem/vendor/laravel/framework/src/Illuminate/Cookie/Middleware/AddQueuedCookiesToResponse.php(36): Illuminate/Pipeline/Pipeline->Illuminate/Pipeline/{closure}(Object(Illuminate/Http/Request))
#30 C:/Users/lucky/OneDrive/Pictures/Desktop/sportmanagmentsystem/vendor/laravel/framework/src/Illuminate/Pipeline/Pipeline.php(219): Illuminate/Cookie/Middleware/AddQueuedCookiesToResponse->handle(Object(Illuminate/Http/Request), Object(Closure))
#31 C:/Users/lucky/OneDrive/Pictures/Desktop/sportmanagmentsystem/vendor/laravel/framework/src/Illuminate/Cookie/Middleware/EncryptCookies.php(74): Illuminate/Pipeline/Pipeline->Illuminate/Pipeline/{closure}(Object(Illuminate/Http/Request))
#32 C:/Users/lucky/OneDrive/Pictures/Desktop/sportmanagmentsystem/vendor/laravel/framework/src/Illuminate/Pipeline/Pipeline.php(219): Illuminate/Cookie/Middleware/EncryptCookies->handle(Object(Illuminate/Http/Request), Object(Closure))
#33 C:/Users/lucky/OneDrive/Pictures/Desktop/sportmanagmentsystem/vendor/laravel/framework/src/Illuminate/Pipeline/Pipeline.php(137): Illuminate/Pipeline/Pipeline->Illuminate/Pipeline/{closure}(Object(Illuminate/Http/Request))
#34 C:/Users/lucky/OneDrive/Pictures/Desktop/sportmanagmentsystem/vendor/laravel/framework/src/Illuminate/Routing/Router.php(821): Illuminate/Pipeline/Pipeline->then(Object(Closure))
#35 C:/Users/lucky/OneDrive/Pictures/Desktop/sportmanagmentsystem/vendor/laravel/framework/src/Illuminate/Routing/Router.php(800): Illuminate/Routing/Router->runRouteWithinStack(Object(Illuminate/Routing/Route), Object(Illuminate/Http/Request))
#36 C:/Users/lucky/OneDrive/Pictures/Desktop/sportmanagmentsystem/vendor/laravel/framework/src/Illuminate/Routing/Router.php(764): Illuminate/Routing/Router->runRoute(Object(Illuminate/Http/Request), Object(Illuminate/Routing/Route))
#37 C:/Users/lucky/OneDrive/Pictures/Desktop/sportmanagmentsystem/vendor/laravel/framework/src/Illuminate/Routing/Router.php(753): Illuminate/Routing/Router->dispatchToRoute(Object(Illuminate/Http/Request))
#38 C:/Users/lucky/OneDrive/Pictures/Desktop/sportmanagmentsystem/vendor/laravel/framework/src/Illuminate/Foundation/Http/Kernel.php(200): Illuminate/Routing/Router->dispatch(Object(Illuminate/Http/Request))
#39 C:/Users/lucky/OneDrive/Pictures/Desktop/sportmanagmentsystem/vendor/laravel/framework/src/Illuminate/Pipeline/Pipeline.php(180): Illuminate/Foundation/Http/Kernel->Illuminate/Foundation/Http/{closure}(Object(Illuminate/Http/Request))
#40 C:/Users/lucky/OneDrive/Pictures/Desktop/sportmanagmentsystem/vendor/laravel/framework/src/Illuminate/Foundation/Http/Middleware/TransformsRequest.php(21): Illuminate/Pipeline/Pipeline->Illuminate/Pipeline/{closure}(Object(Illuminate/Http/Request))
#41 C:/Users/lucky/OneDrive/Pictures/Desktop/sportmanagmentsystem/vendor/laravel/framework/src/Illuminate/Foundation/Http/Middleware/ConvertEmptyStringsToNull.php(31): Illuminate/Foundation/Http/Middleware/TransformsRequest->handle(Object(Illuminate/Http/Request), Object(Closure))
#42 C:/Users/lucky/OneDrive/Pictures/Desktop/sportmanagmentsystem/vendor/laravel/framework/src/Illuminate/Pipeline/Pipeline.php(219): Illuminate/Foundation/Http/Middleware/ConvertEmptyStringsToNull->handle(Object(Illuminate/Http/Request), Object(Closure))
#43 C:/Users/lucky/OneDrive/Pictures/Desktop/sportmanagmentsystem/vendor/laravel/framework/src/Illuminate/Foundation/Http/Middleware/TransformsRequest.php(21): Illuminate/Pipeline/Pipeline->Illuminate/Pipeline/{closure}(Object(Illuminate/Http/Request))
#44 C:/Users/lucky/OneDrive/Pictures/Desktop/sportmanagmentsystem/vendor/laravel/framework/src/Illuminate/Foundation/Http/Middleware/TrimStrings.php(51): Illuminate/Foundation/Http/Middleware/TransformsRequest->handle(Object(Illuminate/Http/Request), Object(Closure))
#45 C:/Users/lucky/OneDrive/Pictures/Desktop/sportmanagmentsystem/vendor/laravel/framework/src/Illuminate/Pipeline/Pipeline.php(219): Illuminate/Foundation/Http/Middleware/TrimStrings->handle(Object(Illuminate/Http/Request), Object(Closure))
#46 C:/Users/lucky/OneDrive/Pictures/Desktop/sportmanagmentsystem/vendor/laravel/framework/src/Illuminate/Http/Middleware/ValidatePostSize.php(27): Illuminate/Pipeline/Pipeline->Illuminate/Pipeline/{closure}(Object(Illuminate/Http/Request))
#47 C:/Users/lucky/OneDrive/Pictures/Desktop/sportmanagmentsystem/vendor/laravel/framework/src/Illuminate/Pipeline/Pipeline.php(219): Illuminate/Http/Middleware/ValidatePostSize->handle(Object(Illuminate/Http/Request), Object(Closure))
#48 C:/Users/lucky/OneDrive/Pictures/Desktop/sportmanagmentsystem/vendor/laravel/framework/src/Illuminate/Foundation/Http/Middleware/PreventRequestsDuringMaintenance.php(109): Illuminate/Pipeline/Pipeline->Illuminate/Pipeline/{closure}(Object(Illuminate/Http/Request))
#49 C:/Users/lucky/OneDrive/Pictures/Desktop/sportmanagmentsystem/vendor/laravel/framework/src/Illuminate/Pipeline/Pipeline.php(219): Illuminate/Foundation/Http/Middleware/PreventRequestsDuringMaintenance->handle(Object(Illuminate/Http/Request), Object(Closure))
#50 C:/Users/lucky/OneDrive/Pictures/Desktop/sportmanagmentsystem/vendor/laravel/framework/src/Illuminate/Http/Middleware/HandleCors.php(61): Illuminate/Pipeline/Pipeline->Illuminate/Pipeline/{closure}(Object(Illuminate/Http/Request))
#51 C:/Users/lucky/OneDrive/Pictures/Desktop/sportmanagmentsystem/vendor/laravel/framework/src/Illuminate/Pipeline/Pipeline.php(219): Illuminate/Http/Middleware/HandleCors->handle(Object(Illuminate/Http/Request), Object(Closure))
#52 C:/Users/lucky/OneDrive/Pictures/Desktop/sportmanagmentsystem/vendor/laravel/framework/src/Illuminate/Http/Middleware/TrustProxies.php(58): Illuminate/Pipeline/Pipeline->Illuminate/Pipeline/{closure}(Object(Illuminate/Http/Request))
#53 C:/Users/lucky/OneDrive/Pictures/Desktop/sportmanagmentsystem/vendor/laravel/framework/src/Illuminate/Pipeline/Pipeline.php(219): Illuminate/Http/Middleware/TrustProxies->handle(Object(Illuminate/Http/Request), Object(Closure))
#54 C:/Users/lucky/OneDrive/Pictures/Desktop/sportmanagmentsystem/vendor/laravel/framework/src/Illuminate/Foundation/Http/Middleware/InvokeDeferredCallbacks.php(22): Illuminate/Pipeline/Pipeline->Illuminate/Pipeline/{closure}(Object(Illuminate/Http/Request))
#55 C:/Users/lucky/OneDrive/Pictures/Desktop/sportmanagmentsystem/vendor/laravel/framework/src/Illuminate/Pipeline/Pipeline.php(219): Illuminate/Foundation/Http/Middleware/InvokeDeferredCallbacks->handle(Object(Illuminate/Http/Request), Object(Closure))
#56 C:/Users/lucky/OneDrive/Pictures/Desktop/sportmanagmentsystem/vendor/laravel/framework/src/Illuminate/Http/Middleware/ValidatePathEncoding.php(26): Illuminate/Pipeline/Pipeline->Illuminate/Pipeline/{closure}(Object(Illuminate/Http/Request))
#57 C:/Users/lucky/OneDrive/Pictures/Desktop/sportmanagmentsystem/vendor/laravel/framework/src/Illuminate/Pipeline/Pipeline.php(219): Illuminate/Http/Middleware/ValidatePathEncoding->handle(Object(Illuminate/Http/Request), Object(Closure))
#58 C:/Users/lucky/OneDrive/Pictures/Desktop/sportmanagmentsystem/vendor/laravel/framework/src/Illuminate/Pipeline/Pipeline.php(137): Illuminate/Pipeline/Pipeline->Illuminate/Pipeline/{closure}(Object(Illuminate/Http/Request))
#59 C:/Users/lucky/OneDrive/Pictures/Desktop/sportmanagmentsystem/vendor/laravel/framework/src/Illuminate/Foundation/Http/Kernel.php(175): Illuminate/Pipeline/Pipeline->then(Object(Closure))
#60 C:/Users/lucky/OneDrive/Pictures/Desktop/sportmanagmentsystem/vendor/laravel/framework/src/Illuminate/Foundation/Http/Kernel.php(144): Illuminate/Foundation/Http/Kernel->sendRequestThroughRouter(Object(Illuminate/Http/Request))
#61 C:/Users/lucky/OneDrive/Pictures/Desktop/sportmanagmentsystem/public/index.php(16): Illuminate/Foundation/Http/Kernel->handle(Object(Illuminate/Http/Request))
#62 C:/Users/lucky/OneDrive/Pictures/Desktop/sportmanagmentsystem/vendor/laravel/framework/src/Illuminate/Foundation/resources/server.php(23): require_once('C://Users//lucky//...')
#63 {main}
"} 
[2026-05-17 17:25:36] local.ERROR: Failed to listen on "tcp://127.0.0.1:8080": An attempt was made to access a socket in a way forbidden by its access permissions {"exception":"[object] (RuntimeException(code: 0): Failed to listen on \"tcp://127.0.0.1:8080\": An attempt was made to access a socket in a way forbidden by its access permissions at C:/Users/lucky/OneDrive/Pictures/Desktop/sportmanagmentsystem/vendor/react/socket/src/TcpServer.php:188)
[stacktrace]
#0 C:/Users/lucky/OneDrive/Pictures/Desktop/sportmanagmentsystem/vendor/react/socket/src/SocketServer.php(65): React/Socket/TcpServer->__construct('tcp://127.0.0.1...', Object(React/EventLoop/StreamSelectLoop), Array)
#1 C:/Users/lucky/OneDrive/Pictures/Desktop/sportmanagmentsystem/vendor/laravel/reverb/src/Servers/Reverb/Factory.php(61): React/Socket/SocketServer->__construct('127.0.0.1:8080', Array, Object(React/EventLoop/StreamSelectLoop))
#2 C:/Users/lucky/OneDrive/Pictures/Desktop/sportmanagmentsystem/vendor/laravel/reverb/src/Servers/Reverb/Console/Commands/StartServer.php(61): Laravel/Reverb/Servers/Reverb/Factory::make('127.0.0.1', '8080', '', '127.0.0.1', 10000, Array, 'pusher', Object(React/EventLoop/StreamSelectLoop))
#3 C:/Users/lucky/OneDrive/Pictures/Desktop/sportmanagmentsystem/vendor/laravel/framework/src/Illuminate/Container/BoundMethod.php(36): Laravel/Reverb/Servers/Reverb/Console/Commands/StartServer->handle()
#4 C:/Users/lucky/OneDrive/Pictures/Desktop/sportmanagmentsystem/vendor/laravel/framework/src/Illuminate/Container/Util.php(43): Illuminate/Container/BoundMethod::Illuminate/Container/{closure}()
#5 C:/Users/lucky/OneDrive/Pictures/Desktop/sportmanagmentsystem/vendor/laravel/framework/src/Illuminate/Container/BoundMethod.php(96): Illuminate/Container/Util::unwrapIfClosure(Object(Closure))
#6 C:/Users/lucky/OneDrive/Pictures/Desktop/sportmanagmentsystem/vendor/laravel/framework/src/Illuminate/Container/BoundMethod.php(35): Illuminate/Container/BoundMethod::callBoundMethod(Object(Illuminate/Foundation/Application), Array, Object(Closure))
#7 C:/Users/lucky/OneDrive/Pictures/Desktop/sportmanagmentsystem/vendor/laravel/framework/src/Illuminate/Container/Container.php(799): Illuminate/Container/BoundMethod::call(Object(Illuminate/Foundation/Application), Array, Array, NULL)
#8 C:/Users/lucky/OneDrive/Pictures/Desktop/sportmanagmentsystem/vendor/laravel/framework/src/Illuminate/Console/Command.php(211): Illuminate/Container/Container->call(Array)
#9 C:/Users/lucky/OneDrive/Pictures/Desktop/sportmanagmentsystem/vendor/symfony/console/Command/Command.php(341): Illuminate/Console/Command->execute(Object(Symfony/Component/Console/Input/ArgvInput), Object(Illuminate/Console/OutputStyle))
#10 C:/Users/lucky/OneDrive/Pictures/Desktop/sportmanagmentsystem/vendor/laravel/framework/src/Illuminate/Console/Command.php(180): Symfony/Component/Console/Command/Command->run(Object(Symfony/Component/Console/Input/ArgvInput), Object(Illuminate/Console/OutputStyle))
#11 C:/Users/lucky/OneDrive/Pictures/Desktop/sportmanagmentsystem/vendor/symfony/console/Application.php(1117): Illuminate/Console/Command->run(Object(Symfony/Component/Console/Input/ArgvInput), Object(Symfony/Component/Console/Output/ConsoleOutput))
#12 C:/Users/lucky/OneDrive/Pictures/Desktop/sportmanagmentsystem/vendor/symfony/console/Application.php(356): Symfony/Component/Console/Application->doRunCommand(Object(Laravel/Reverb/Servers/Reverb/Console/Commands/StartServer), Object(Symfony/Component/Console/Input/ArgvInput), Object(Symfony/Component/Console/Output/ConsoleOutput))
#13 C:/Users/lucky/OneDrive/Pictures/Desktop/sportmanagmentsystem/vendor/symfony/console/Application.php(195): Symfony/Component/Console/Application->doRun(Object(Symfony/Component/Console/Input/ArgvInput), Object(Symfony/Component/Console/Output/ConsoleOutput))
#14 C:/Users/lucky/OneDrive/Pictures/Desktop/sportmanagmentsystem/vendor/laravel/framework/src/Illuminate/Foundation/Console/Kernel.php(198): Symfony/Component/Console/Application->run(Object(Symfony/Component/Console/Input/ArgvInput), Object(Symfony/Component/Console/Output/ConsoleOutput))
#15 C:/Users/lucky/OneDrive/Pictures/Desktop/sportmanagmentsystem/vendor/laravel/framework/src/Illuminate/Foundation/Application.php(1235): Illuminate/Foundation/Console/Kernel->handle(Object(Symfony/Component/Console/Input/ArgvInput), Object(Symfony/Component/Console/Output/ConsoleOutput))
#16 C:/Users/lucky/OneDrive/Pictures/Desktop/sportmanagmentsystem/artisan(12): Illuminate/Foundation/Application->handleCommand(Object(Symfony/Component/Console/Input/ArgvInput))
#17 {main}
"} 
